=== COMPARE FUNCTION ===

COMMIT: 3cd6646941eca3da7d3b9a221c88e4c1d214876e
NAME: processLines
PATH: processLines___aText-FileText
BODY:
{
    mText = aText;
    resetState();
    mMatcher = mOptions.getPattern().matcher(mText.getFullText());
    findMatch();
    finish();
}


=== MOST SIMILAR FUNCTION ===

COMMIT: 523080bbf2be11354b94b851ac85d06e7e8a2c14
NAME: processLines
PATH: processLines___aLines-List__String__
BODY:
{
    resetState();
    final StringBuffer sb = new StringBuffer();
    int lineno = 1;
    for (String line : aLines) {
        sb.append(line);
        sb.append('\n');
        for (int j = 0; j < (line.length() + 1); j++) {
            mCharacters.add(new Integer[] { lineno, j });
        }
        lineno++;
    }
    mMatcher = mOptions.getPattern().matcher(sb.toString());
    findMatch();
    finish();
}


=== SIMILARITY ===
BodySimilarity: 0.5488818782569199; ScopeSimilarity: 1.0; NameSimilarity: 1.0; LineNumberSimilarity: 1.0 --- Overall: 0.63722046956423