169 - spring-core/src/main/java/org/springframework/core/annotation/AnnotationUtils.java
151 - spring-core/src/main/java/org/springframework/core/convert/TypeDescriptor.java
143 - spring-core/src/main/java/org/springframework/core/convert/support/GenericConversionService.java
89 - spring-core/src/main/java/org/springframework/core/annotation/AnnotatedElementUtils.java
78 - spring-core/src/main/java/org/springframework/core/ResolvableType.java
74 - spring-core/src/main/java/org/springframework/util/ClassUtils.java
66 - spring-core/src/main/java/org/springframework/core/MethodParameter.java
62 - spring-core/src/main/java/org/springframework/util/ReflectionUtils.java
61 - spring-core/src/main/java/org/springframework/core/env/AbstractEnvironment.java
61 - spring-core/src/main/java/org/springframework/util/AntPathMatcher.java
58 - spring-core/src/main/java/org/springframework/util/StringUtils.java
56 - spring-core/src/main/java/org/springframework/core/io/support/PathMatchingResourcePatternResolver.java
52 - spring-core/src/main/java/org/springframework/core/convert/support/MapToMapConverter.java
52 - spring-core/src/main/java/org/springframework/core/io/buffer/DataBufferUtils.java
49 - spring-core/src/main/java/org/springframework/core/GenericTypeResolver.java
45 - spring-core/src/main/java/org/springframework/core/convert/support/CollectionToCollectionConverter.java
44 - spring-core/src/main/java/org/springframework/core/convert/support/DefaultConversionService.java
43 - spring-core/src/main/java/org/springframework/core/codec/StringDecoder.java
42 - spring-core/src/main/java/org/springframework/core/type/classreading/AnnotationMetadataReadingVisitor.java
39 - spring-core/src/main/java/org/springframework/core/CollectionFactory.java
39 - spring-core/src/main/java/org/springframework/core/convert/ConversionService.java
37 - spring-core/src/main/java/org/springframework/core/convert/support/CollectionToObjectConverter.java
37 - spring-core/src/main/java/org/springframework/core/codec/CharSequenceEncoder.java
36 - spring-core/src/main/java/org/springframework/util/CollectionUtils.java
36 - spring-core/src/main/java/org/springframework/core/convert/support/ObjectToObjectConverter.java
35 - spring-core/src/main/java/org/springframework/core/convert/support/ObjectToCollectionConverter.java
34 - spring-core/src/main/java/org/springframework/core/convert/support/CollectionToArrayConverter.java
33 - spring-core/src/main/java/org/springframework/core/env/PropertySourcesPropertyResolver.java
33 - spring-core/src/main/java/org/springframework/core/type/classreading/AnnotationAttributesReadingVisitor.java
33 - spring-core/src/main/java/org/springframework/core/convert/support/ArrayToCollectionConverter.java
33 - spring-core/src/main/java/org/springframework/core/ReactiveAdapterRegistry.java
32 - spring-core/src/main/java/org/springframework/core/codec/DataBufferEncoder.java
31 - spring-core/src/main/java/org/springframework/core/convert/support/StringToCollectionConverter.java
31 - spring-core/src/main/java/org/springframework/core/type/classreading/MethodMetadataReadingVisitor.java
30 - spring-core/src/main/java/org/springframework/core/convert/support/ObjectToArrayConverter.java
30 - spring-core/src/main/java/org/springframework/core/convert/support/ArrayToArrayConverter.java
30 - spring-core/src/main/java/org/springframework/core/codec/ResourceEncoder.java
29 - spring-core/src/main/java/org/springframework/util/ConcurrentReferenceHashMap.java
29 - spring-core/src/main/java/org/springframework/core/env/AbstractPropertyResolver.java
29 - spring-core/src/main/java/org/springframework/core/codec/ByteArrayEncoder.java
29 - spring-core/src/main/java/org/springframework/core/codec/ByteBufferEncoder.java
28 - spring-core/src/main/java/org/springframework/core/convert/support/ArrayToObjectConverter.java
28 - spring-core/src/main/java/org/springframework/core/annotation/AnnotationAttributes.java
27 - spring-core/src/main/java/org/springframework/core/convert/support/FallbackObjectToStringConverter.java
27 - spring-core/src/main/java/org/springframework/core/convert/ConversionFailedException.java
27 - spring-core/src/main/java/org/springframework/core/SerializableTypeWrapper.java
27 - spring-core/src/main/java/org/springframework/util/MimeType.java
27 - spring-core/src/main/java/org/springframework/core/convert/support/ConversionUtils.java
26 - spring-core/src/main/java/org/springframework/core/LocalVariableTableParameterNameDiscoverer.java
26 - spring-core/src/main/java/org/springframework/core/convert/support/ArrayToStringConverter.java
26 - spring-core/src/main/java/org/springframework/core/io/AbstractResource.java
26 - spring-core/src/main/java/org/springframework/core/type/StandardAnnotationMetadata.java
26 - spring-core/src/main/java/org/springframework/util/LinkedMultiValueMap.java
25 - spring-core/src/main/java/org/springframework/core/codec/DataBufferDecoder.java
25 - spring-core/src/main/java/org/springframework/util/ResourceUtils.java
24 - spring-core/src/main/java/org/springframework/core/io/ClassPathResource.java
24 - spring-core/src/main/java/org/springframework/core/env/ConfigurableEnvironment.java
24 - spring-core/src/main/java/org/springframework/core/env/Environment.java
24 - spring-core/src/main/java/org/springframework/core/Conventions.java
24 - spring-core/src/main/java/org/springframework/core/codec/ByteBufferDecoder.java
24 - spring-core/src/main/java/org/springframework/core/codec/ByteArrayDecoder.java
23 - spring-core/src/main/java/org/springframework/util/MimeTypeUtils.java
23 - spring-core/src/main/java/org/springframework/core/codec/Encoder.java
23 - spring-core/src/main/java/org/springframework/core/type/StandardMethodMetadata.java
23 - spring-core/src/main/java/org/springframework/core/env/MutablePropertySources.java
23 - spring-core/src/main/java/org/springframework/core/codec/AbstractEncoder.java
23 - spring-core/src/main/java/org/springframework/core/convert/Property.java
23 - spring-core/src/main/java/org/springframework/core/SimpleAliasRegistry.java
23 - spring-core/src/main/java/org/springframework/util/concurrent/SuccessCallback.java
23 - spring-core/src/main/java/org/springframework/core/convert/ConverterNotFoundException.java
23 - spring-core/src/main/java/org/springframework/core/task/SimpleAsyncTaskExecutor.java
23 - spring-core/src/main/java/org/springframework/core/annotation/AnnotationAwareOrderComparator.java
23 - spring-core/src/main/java/org/springframework/core/io/UrlResource.java
23 - spring-core/src/main/java/org/springframework/core/convert/converter/ConverterFactory.java
23 - spring-core/src/main/java/org/springframework/core/type/classreading/ClassMetadataReadingVisitor.java
22 - spring-core/src/main/java/org/springframework/core/convert/support/StringToEnumConverterFactory.java
22 - spring-core/src/main/java/org/springframework/util/PropertyPlaceholderHelper.java
22 - spring-core/src/main/java/org/springframework/util/concurrent/FailureCallback.java
22 - spring-core/src/main/java/org/springframework/core/BridgeMethodResolver.java
22 - spring-core/src/main/java/org/springframework/core/codec/Decoder.java
22 - spring-core/src/main/java/org/springframework/core/io/support/ResourceArrayPropertyEditor.java
22 - spring-core/src/main/java/org/springframework/core/io/FileSystemResource.java
22 - spring-core/src/main/java/org/springframework/core/io/buffer/DefaultDataBuffer.java
22 - spring-core/src/main/java/org/springframework/core/convert/converter/GenericConverter.java
22 - spring-core/src/main/java/org/springframework/core/convert/support/StringToCharacterConverter.java
22 - spring-core/src/main/java/org/springframework/core/convert/support/StringToCharsetConverter.java
22 - spring-core/src/main/java/org/springframework/core/convert/support/IntegerToEnumConverterFactory.java
21 - spring-core/src/main/java/org/springframework/core/io/DefaultResourceLoader.java
21 - spring-core/src/main/java/org/springframework/core/codec/ResourceDecoder.java
21 - spring-core/src/main/java/org/springframework/core/convert/support/ConversionServiceFactory.java
21 - spring-core/src/main/java/org/springframework/util/ObjectUtils.java
21 - spring-core/src/main/java/org/springframework/util/concurrent/ListenableFutureCallback.java
21 - spring-core/src/main/java/org/springframework/core/convert/support/AbstractConditionalEnumConverter.java
21 - spring-core/src/main/java/org/springframework/core/convert/support/StringToNumberConverterFactory.java
21 - spring-core/src/main/java/org/springframework/core/convert/support/StringToCurrencyConverter.java
21 - spring-core/src/main/java/org/springframework/core/OrderComparator.java
20 - spring-core/src/main/java/org/springframework/util/StopWatch.java
20 - spring-core/src/main/java/org/springframework/core/io/support/SpringFactoriesLoader.java
20 - spring-core/src/main/java/org/springframework/core/codec/AbstractDecoder.java
20 - spring-core/src/main/java/org/springframework/util/SystemPropertyUtils.java
20 - spring-core/src/main/java/org/springframework/core/convert/support/NumberToNumberConverterFactory.java
20 - spring-core/src/main/java/org/springframework/util/LinkedCaseInsensitiveMap.java
20 - spring-core/src/main/java/org/springframework/util/xml/StaxEventXMLReader.java
20 - spring-core/src/main/java/org/springframework/util/comparator/CompoundComparator.java
20 - spring-core/src/main/java/org/springframework/core/convert/support/ObjectToStringConverter.java
20 - spring-core/src/main/java/org/springframework/core/env/PropertySource.java
19 - spring-core/src/main/java/org/springframework/core/convert/support/CollectionToStringConverter.java
19 - spring-core/src/main/java/org/springframework/core/io/AbstractFileResolvingResource.java
19 - spring-core/src/main/java/org/springframework/core/convert/support/StringToBooleanConverter.java
19 - spring-core/src/main/java/org/springframework/util/xml/StaxStreamXMLReader.java
19 - spring-core/src/main/java/org/springframework/util/Assert.java
19 - spring-core/src/main/java/org/springframework/util/concurrent/SettableListenableFuture.java
19 - spring-core/src/main/java/org/springframework/core/io/ResourceEditor.java
19 - spring-core/src/main/java/org/springframework/core/type/classreading/CachingMetadataReaderFactory.java
19 - spring-core/src/main/java/org/springframework/core/AttributeAccessorSupport.java
19 - spring-core/src/main/java/org/springframework/core/io/buffer/NettyDataBuffer.java
19 - spring-core/src/main/java/org/springframework/core/convert/support/EnumToIntegerConverter.java
18 - spring-core/src/main/java/org/springframework/core/convert/support/IdToEntityConverter.java
18 - spring-core/src/main/java/org/springframework/core/convert/support/EnumToStringConverter.java
18 - spring-core/src/main/java/org/springframework/util/comparator/NullSafeComparator.java
18 - spring-core/src/main/java/org/springframework/core/annotation/AliasFor.java
18 - spring-core/src/main/java/org/springframework/util/xml/AbstractStaxXMLReader.java
18 - spring-core/src/main/java/org/springframework/util/AutoPopulatingList.java
18 - spring-core/src/main/java/org/springframework/core/env/StandardEnvironment.java
17 - spring-core/src/main/java/org/springframework/core/convert/converter/Converter.java
17 - spring-core/src/main/java/org/springframework/core/io/Resource.java
17 - spring-core/src/main/java/org/springframework/core/io/support/EncodedResource.java
17 - spring-core/src/main/java/org/springframework/core/OverridingClassLoader.java
17 - spring-core/src/main/java/org/springframework/core/convert/support/StringToTimeZoneConverter.java
17 - spring-core/src/main/java/org/springframework/util/NumberUtils.java
17 - spring-core/src/main/java/org/springframework/core/convert/support/StringToLocaleConverter.java
17 - spring-core/src/main/java/org/springframework/core/env/EnumerablePropertySource.java
17 - spring-core/src/main/java/org/springframework/util/xml/StaxUtils.java
17 - spring-core/src/main/java/org/springframework/core/convert/converter/ConverterRegistry.java
17 - spring-core/src/main/java/org/springframework/core/annotation/SynthesizedAnnotation.java
17 - spring-core/src/main/java/org/springframework/core/annotation/MapAnnotationAttributeExtractor.java
17 - spring-core/src/main/java/org/springframework/core/convert/support/StringToArrayConverter.java
16 - spring-core/src/main/java/org/springframework/core/env/JOptCommandLinePropertySource.java
16 - spring-core/src/main/java/org/springframework/core/codec/ResourceRegionEncoder.java
16 - spring-core/src/main/java/org/springframework/util/xml/DomUtils.java
16 - spring-core/src/main/java/org/springframework/core/io/support/PropertiesLoaderSupport.java
16 - spring-core/src/main/java/org/springframework/core/io/buffer/DataBuffer.java
16 - spring-core/src/main/java/org/springframework/core/io/PathResource.java
16 - spring-core/src/main/java/org/springframework/core/env/SystemEnvironmentPropertySource.java
16 - spring-core/src/main/java/org/springframework/core/env/ReadOnlySystemAttributesMap.java
16 - spring-core/src/main/java/org/springframework/core/io/VfsUtils.java
16 - spring-core/src/main/java/org/springframework/core/convert/support/StringToUUIDConverter.java
16 - spring-core/src/main/java/org/springframework/core/io/ByteArrayResource.java
16 - spring-core/src/main/java/org/springframework/core/annotation/SynthesizedAnnotationInvocationHandler.java
15 - spring-core/src/main/java/org/springframework/core/Constants.java
15 - spring-core/src/main/java/org/springframework/core/type/classreading/SimpleMetadataReader.java
15 - spring-core/src/main/java/org/springframework/core/type/filter/AnnotationTypeFilter.java
15 - spring-core/src/main/java/org/springframework/util/xml/SimpleNamespaceContext.java
15 - spring-core/src/main/java/org/springframework/core/io/InputStreamResource.java
15 - spring-core/src/main/java/org/springframework/core/style/ToStringCreator.java
15 - spring-core/src/main/java/org/springframework/core/env/PropertyResolver.java
15 - spring-core/src/main/java/org/springframework/core/env/CommandLinePropertySource.java
15 - spring-core/src/main/java/org/springframework/core/type/AnnotationMetadata.java
15 - spring-core/src/main/java/org/springframework/core/type/MethodMetadata.java
15 - spring-core/src/main/java/org/springframework/core/type/classreading/AnnotationReadingVisitorUtils.java
14 - spring-core/src/main/java/org/springframework/core/codec/CodecException.java
14 - spring-core/src/main/java/org/springframework/util/CompositeIterator.java
14 - spring-core/src/main/java/org/springframework/util/concurrent/ListenableFutureCallbackRegistry.java
14 - spring-core/src/main/java/org/springframework/util/comparator/BooleanComparator.java
14 - spring-core/src/main/java/org/springframework/core/PrioritizedParameterNameDiscoverer.java
14 - spring-core/src/main/java/org/springframework/core/io/buffer/DefaultDataBufferFactory.java
14 - spring-core/src/main/java/org/springframework/core/io/buffer/NettyDataBufferFactory.java
14 - spring-core/src/main/java/org/springframework/core/env/EnvironmentCapable.java
14 - spring-core/src/main/java/org/springframework/util/SocketUtils.java
14 - spring-core/src/main/java/org/springframework/util/StreamUtils.java
14 - spring-core/src/main/java/org/springframework/util/MultiValueMap.java
14 - spring-core/src/main/java/org/springframework/core/type/classreading/package-info.java
14 - spring-core/src/main/java/org/springframework/core/ConfigurableObjectInputStream.java
14 - spring-core/src/main/java/org/springframework/core/type/StandardClassMetadata.java
14 - spring-core/src/main/java/org/springframework/util/MethodInvoker.java
14 - spring-core/src/main/java/org/springframework/core/env/MapPropertySource.java
14 - spring-core/src/main/java/org/springframework/core/env/ConfigurablePropertyResolver.java
13 - spring-core/src/main/java/org/springframework/core/ExceptionDepthComparator.java
13 - spring-core/src/main/java/org/springframework/core/NestedCheckedException.java
13 - spring-core/src/main/java/org/springframework/util/xml/XMLEventStreamReader.java
13 - spring-core/src/main/java/org/springframework/core/env/PropertySources.java
13 - spring-core/src/main/java/org/springframework/util/concurrent/CompletableToListenableFutureAdapter.java
13 - spring-core/src/main/java/org/springframework/util/xml/AbstractXMLReader.java
13 - spring-core/src/main/java/org/springframework/core/convert/support/CharacterToNumberFactory.java
13 - spring-core/src/main/java/org/springframework/util/Base64Utils.java
13 - spring-core/src/main/java/org/springframework/core/codec/AbstractSingleValueEncoder.java
13 - spring-core/src/main/java/org/springframework/util/xml/StaxSource.java
13 - spring-core/src/main/java/org/springframework/core/NestedRuntimeException.java
13 - spring-core/src/main/java/org/springframework/util/comparator/InvertibleComparator.java
13 - spring-core/src/main/java/org/springframework/core/StandardReflectionParameterNameDiscoverer.java
13 - spring-core/src/main/java/org/springframework/util/xml/StaxResult.java
13 - spring-core/src/main/java/org/springframework/core/convert/support/ObjectToOptionalConverter.java
13 - spring-core/src/main/java/org/springframework/core/type/filter/AbstractTypeHierarchyTraversingFilter.java
13 - spring-core/src/main/java/org/springframework/core/io/DescriptiveResource.java
13 - spring-core/src/main/java/org/springframework/util/ErrorHandler.java
13 - spring-core/src/main/java/org/springframework/util/FastByteArrayOutputStream.java
12 - spring-core/src/main/java/org/springframework/core/type/classreading/SimpleMetadataReaderFactory.java
12 - spring-core/src/main/java/org/springframework/core/io/support/ResourcePropertySource.java
12 - spring-core/src/main/java/org/springframework/core/io/buffer/DataBufferFactory.java
12 - spring-core/src/main/java/org/springframework/core/annotation/AbstractAliasAwareAnnotationAttributeExtractor.java
12 - spring-core/src/main/java/org/springframework/util/JdkIdGenerator.java
12 - spring-core/src/main/java/org/springframework/core/ParameterizedTypeReference.java
12 - spring-core/src/main/java/org/springframework/util/TypeUtils.java
12 - spring-core/src/main/java/org/springframework/core/task/support/TaskExecutorAdapter.java
12 - spring-core/src/main/java/org/springframework/util/CustomizableThreadCreator.java
12 - spring-core/src/main/java/org/springframework/core/convert/converter/ConvertingComparator.java
12 - spring-core/src/main/java/org/springframework/core/convert/converter/ConditionalGenericConverter.java
12 - spring-core/src/main/java/org/springframework/util/xml/DomContentHandler.java
11 - spring-core/src/main/java/org/springframework/core/annotation/OrderUtils.java
11 - spring-core/src/main/java/org/springframework/util/DigestUtils.java
11 - spring-core/src/main/java/org/springframework/core/style/DefaultValueStyler.java
11 - spring-core/src/main/java/org/springframework/asm/ClassReader.java
11 - spring-core/src/main/java/org/springframework/core/convert/support/StringToPropertiesConverter.java
11 - spring-core/src/main/java/org/springframework/asm/ClassWriter.java
11 - spring-core/src/main/java/org/springframework/util/comparator/InstanceComparator.java
11 - spring-core/src/main/java/org/springframework/core/env/CompositePropertySource.java
11 - spring-core/src/main/java/org/springframework/util/PathMatcher.java
11 - spring-core/src/main/java/org/springframework/core/task/support/ExecutorServiceAdapter.java
11 - spring-core/src/main/java/org/springframework/core/io/VfsResource.java
11 - spring-core/src/main/java/org/springframework/core/convert/support/NumberToCharacterConverter.java
11 - spring-core/src/main/java/org/springframework/core/serializer/DefaultDeserializer.java
11 - spring-core/src/main/java/org/springframework/util/DefaultPropertiesPersister.java
11 - spring-core/src/main/java/org/springframework/util/comparator/ComparableComparator.java
11 - spring-core/src/main/java/org/springframework/core/NestedIOException.java
10 - spring-core/src/main/java/org/springframework/core/task/TaskExecutor.java
10 - spring-core/src/main/java/org/springframework/core/task/SyncTaskExecutor.java
10 - spring-core/src/main/java/org/springframework/core/type/filter/AssignableTypeFilter.java
10 - spring-core/src/main/java/org/springframework/core/convert/support/ByteBufferConverter.java
10 - spring-core/src/main/java/org/springframework/core/io/ClassRelativeResourceLoader.java
10 - spring-core/src/main/java/org/springframework/lang/UsesJava8.java
10 - spring-core/src/main/java/org/springframework/asm/SpringAsmInfo.java
10 - spring-core/src/main/java/org/springframework/core/ReactiveTypeDescriptor.java
10 - spring-core/src/main/java/org/springframework/core/MethodIntrospector.java
10 - spring-core/src/main/java/org/springframework/core/env/SimpleCommandLinePropertySource.java
10 - spring-core/src/main/java/org/springframework/core/io/ResourceLoader.java
10 - spring-core/src/main/java/org/springframework/core/annotation/Order.java
10 - spring-core/src/main/java/org/springframework/core/convert/ConversionException.java
10 - spring-core/src/main/java/org/springframework/core/io/support/PropertiesLoaderUtils.java
10 - spring-core/src/main/java/org/springframework/core/convert/support/ConvertingPropertyEditorAdapter.java
10 - spring-core/src/main/java/org/springframework/util/xml/AbstractXMLStreamReader.java
10 - spring-core/src/main/java/org/springframework/util/concurrent/ListenableFutureAdapter.java
10 - spring-core/src/main/java/org/springframework/lang/UsesJava7.java
10 - spring-core/src/main/java/org/springframework/util/xml/XMLEventStreamWriter.java
10 - spring-core/src/main/java/org/springframework/core/io/FileSystemResourceLoader.java
10 - spring-core/src/main/java/org/springframework/core/convert/support/PropertiesToStringConverter.java
10 - spring-core/src/main/java/org/springframework/core/serializer/support/SerializingConverter.java
9 - spring-core/src/main/java/org/springframework/asm/MethodWriter.java
9 - spring-core/src/main/java/org/springframework/util/FileSystemUtils.java
9 - spring-core/src/main/java/org/springframework/lang/Nullable.java
9 - spring-core/src/main/java/org/springframework/lang/UsesSunHttpServer.java
9 - spring-core/src/main/java/org/springframework/lang/NonNullApi.java
9 - spring-core/src/main/java/org/springframework/core/ReactiveAdapter.java
9 - spring-core/src/main/java/org/springframework/util/concurrent/FutureAdapter.java
9 - spring-core/src/main/java/org/springframework/util/IdGenerator.java
9 - spring-core/src/main/java/org/springframework/core/serializer/DefaultSerializer.java
9 - spring-core/src/main/java/org/springframework/util/concurrent/ListenableFutureTask.java
9 - spring-core/src/main/java/org/springframework/lang/NonNullFields.java
9 - spring-core/src/main/java/org/springframework/util/CommonsLogWriter.java
9 - spring-core/src/main/java/org/springframework/core/style/DefaultToStringStyler.java
9 - spring-core/src/main/java/org/springframework/util/FileCopyUtils.java
9 - spring-core/src/main/java/org/springframework/core/codec/package-info.java
9 - spring-core/src/main/java/org/springframework/core/convert/support/StreamConverter.java
9 - spring-core/src/main/java/org/springframework/core/type/ClassMetadata.java
8 - spring-core/src/main/java/org/springframework/core/SpringProperties.java
8 - spring-core/src/main/java/org/springframework/util/concurrent/ListenableFuture.java
8 - spring-core/src/main/java/org/springframework/core/serializer/support/DeserializingConverter.java
8 - spring-core/src/main/java/org/springframework/core/annotation/DefaultAnnotationAttributeExtractor.java
8 - spring-core/src/main/java/org/springframework/core/Ordered.java
8 - spring-core/src/main/java/org/springframework/core/NamedInheritableThreadLocal.java
8 - spring-core/src/main/java/org/springframework/util/backoff/ExponentialBackOff.java
8 - spring-core/src/main/java/org/springframework/core/env/PropertiesPropertySource.java
8 - spring-core/src/main/java/org/springframework/util/AlternativeJdkIdGenerator.java
8 - spring-core/src/main/java/org/springframework/util/ConcurrencyThrottleSupport.java
8 - spring-core/src/main/java/org/springframework/core/io/WritableResource.java
8 - spring-core/src/main/java/org/springframework/util/xml/TransformerUtils.java
8 - spring-core/src/main/java/org/springframework/core/task/support/ConcurrentExecutorAdapter.java
8 - spring-core/src/main/java/org/springframework/core/io/support/ResourcePatternUtils.java
8 - spring-core/src/main/java/org/springframework/core/env/ProfilesParser.java
8 - spring-core/src/main/java/org/springframework/core/serializer/support/package-info.java
8 - spring-core/src/main/java/org/springframework/core/io/support/VfsPatternUtils.java
8 - spring-core/src/main/java/org/springframework/core/DefaultParameterNameDiscoverer.java
8 - spring-core/src/main/java/org/springframework/core/DecoratingClassLoader.java
8 - spring-core/src/main/java/org/springframework/asm/MethodVisitor.java
8 - spring-core/src/main/java/org/springframework/core/type/filter/AspectJTypeFilter.java
8 - spring-core/src/main/java/org/springframework/asm/Frame.java
7 - spring-core/src/main/java/org/springframework/core/env/package-info.java
7 - spring-core/src/main/java/org/springframework/util/comparator/package-info.java
7 - spring-core/src/main/java/org/springframework/core/NamedThreadLocal.java
7 - spring-core/src/main/java/org/springframework/core/task/AsyncTaskExecutor.java
7 - spring-core/src/main/java/org/springframework/core/io/InputStreamSource.java
7 - spring-core/src/main/java/org/springframework/core/annotation/package-info.java
7 - spring-core/src/main/java/org/springframework/core/type/filter/AbstractClassTestingTypeFilter.java
7 - spring-core/src/main/java/org/springframework/core/serializer/Deserializer.java
7 - spring-core/src/main/java/org/springframework/core/io/support/LocalizedResourceHelper.java
7 - spring-core/src/main/java/org/springframework/util/xml/SimpleTransformErrorListener.java
7 - spring-core/src/main/java/org/springframework/util/xml/SimpleSaxErrorHandler.java
7 - spring-core/src/main/java/org/springframework/core/serializer/package-info.java
7 - spring-core/src/main/java/org/springframework/core/serializer/Serializer.java
7 - spring-core/src/main/java/org/springframework/core/SpringVersion.java
7 - spring-core/src/main/java/org/springframework/util/xml/ListBasedXMLEventReader.java
7 - spring-core/src/main/java/org/springframework/core/type/classreading/AbstractRecursiveAnnotationVisitor.java
6 - spring-core/src/main/java/org/springframework/util/xml/AbstractXMLEventReader.java
6 - spring-core/src/main/java/org/springframework/asm/Label.java
6 - spring-core/src/main/java/org/springframework/asm/Type.java
6 - spring-core/src/main/java/org/springframework/asm/Opcodes.java
6 - spring-core/src/main/java/org/springframework/core/serializer/support/SerializationFailedException.java
6 - spring-core/src/main/java/org/springframework/core/style/ToStringStyler.java
6 - spring-core/src/main/java/org/springframework/core/env/SimpleCommandLineArgsParser.java
6 - spring-core/src/main/java/org/springframework/core/env/MissingRequiredPropertiesException.java
6 - spring-core/src/main/java/org/springframework/core/env/CommandLineArgs.java
6 - spring-core/src/main/java/org/springframework/core/type/classreading/RecursiveAnnotationArrayVisitor.java
6 - spring-core/src/main/java/org/springframework/core/type/AnnotatedTypeMetadata.java
6 - spring-core/src/main/java/org/springframework/core/ParameterNameDiscoverer.java
6 - spring-core/src/main/java/org/springframework/core/task/TaskRejectedException.java
6 - spring-core/src/main/java/org/springframework/core/NestedExceptionUtils.java
6 - spring-core/src/main/java/org/springframework/core/convert/converter/package-info.java
6 - spring-core/src/main/java/org/springframework/core/convert/support/package-info.java
6 - spring-core/src/main/java/org/springframework/core/convert/package-info.java
6 - spring-core/src/main/java/org/springframework/util/backoff/FixedBackOff.java
6 - spring-core/src/main/java/org/springframework/util/PropertiesPersister.java
6 - spring-core/src/main/java/org/springframework/util/StringValueResolver.java
6 - spring-core/src/main/java/org/springframework/util/ResizableByteArrayOutputStream.java
6 - spring-core/src/main/java/org/springframework/util/xml/XmlValidationModeDetector.java
6 - spring-core/src/main/java/org/springframework/util/InstanceFilter.java
6 - spring-core/src/main/java/org/springframework/util/concurrent/package-info.java
6 - spring-core/src/main/java/org/springframework/cglib/package-info.java
5 - spring-core/src/main/java/org/springframework/util/xml/AbstractStaxHandler.java
5 - spring-core/src/main/java/org/springframework/asm/Handle.java
5 - spring-core/src/main/java/org/springframework/util/backoff/BackOff.java
5 - spring-core/src/main/java/org/springframework/asm/package-info.java
5 - spring-core/src/main/java/org/springframework/util/xml/package-info.java
5 - spring-core/src/main/java/org/springframework/util/xml/StaxEventHandler.java
5 - spring-core/src/main/java/org/springframework/core/SmartClassLoader.java
5 - spring-core/src/main/java/org/springframework/core/codec/AbstractDataBufferDecoder.java
5 - spring-core/src/main/java/org/springframework/core/env/Profiles.java
5 - spring-core/src/main/java/org/springframework/util/package-info.java
5 - spring-core/src/main/java/org/springframework/asm/FieldVisitor.java
5 - spring-core/src/main/java/org/springframework/core/style/package-info.java
5 - spring-core/src/main/java/org/springframework/core/style/StylerUtils.java
5 - spring-core/src/main/java/org/springframework/core/convert/support/ZoneIdToTimeZoneConverter.java
5 - spring-core/src/main/java/org/springframework/core/annotation/AnnotationAttributeExtractor.java
5 - spring-core/src/main/java/org/springframework/core/annotation/SynthesizingMethodParameter.java
5 - spring-core/src/main/java/org/springframework/util/SerializationUtils.java
5 - spring-core/src/main/java/org/springframework/core/package-info.java
5 - spring-core/src/main/java/org/springframework/core/io/buffer/PooledDataBuffer.java
5 - spring-core/src/main/java/org/springframework/core/io/package-info.java
5 - spring-core/src/main/java/org/springframework/core/io/support/package-info.java
5 - spring-core/src/main/java/org/springframework/core/task/package-info.java
5 - spring-core/src/main/java/org/springframework/asm/ClassVisitor.java
5 - spring-core/src/main/java/org/springframework/asm/AnnotationVisitor.java
5 - spring-core/src/main/java/org/springframework/cglib/SpringCglibInfo.java
5 - spring-core/src/main/java/org/springframework/core/task/support/package-info.java
5 - spring-core/src/main/java/org/springframework/core/task/TaskTimeoutException.java
5 - spring-core/src/main/java/org/springframework/core/AttributeAccessor.java
5 - spring-core/src/main/java/org/springframework/core/type/package-info.java
5 - spring-core/src/main/java/org/springframework/lang/package-info.java
5 - spring-core/src/main/java/org/springframework/core/type/filter/package-info.java
5 - spring-core/src/main/java/org/springframework/core/type/classreading/RecursiveAnnotationAttributesVisitor.java
4 - spring-core/src/main/java/org/springframework/asm/FieldWriter.java
4 - spring-core/src/main/java/org/springframework/core/convert/support/ZonedDateTimeToCalendarConverter.java
4 - spring-core/src/main/java/org/springframework/util/PatternMatchUtils.java
4 - spring-core/src/main/java/org/springframework/asm/Context.java
4 - spring-core/src/main/java/org/springframework/core/ResolvableTypeProvider.java
4 - spring-core/src/main/java/org/springframework/util/backoff/package-info.java
4 - spring-core/src/main/java/org/springframework/core/MethodClassKey.java
4 - spring-core/src/main/java/org/springframework/core/PriorityOrdered.java
4 - spring-core/src/main/java/org/springframework/lang/NonNull.java
4 - spring-core/src/main/java/org/springframework/asm/ByteVector.java
4 - spring-core/src/main/java/org/springframework/util/UpdateMessageDigestInputStream.java
4 - spring-core/src/main/java/org/springframework/asm/AnnotationWriter.java
4 - spring-core/src/main/java/org/springframework/core/KotlinReflectionParameterNameDiscoverer.java
4 - spring-core/src/main/java/org/springframework/asm/TypePath.java
4 - spring-core/src/main/java/org/springframework/core/type/classreading/MetadataReaderFactory.java
4 - spring-core/src/main/java/org/springframework/core/type/classreading/MetadataReader.java
4 - spring-core/src/main/java/org/springframework/core/InfrastructureProxy.java
4 - spring-core/src/main/java/org/springframework/core/codec/Hints.java
3 - spring-core/src/main/java/org/springframework/util/comparator/Comparators.java
3 - spring-core/src/main/java/org/springframework/core/convert/converter/ConditionalConverter.java
3 - spring-core/src/main/java/org/springframework/core/log/CompositeLog.java
3 - spring-core/src/main/java/org/springframework/util/SimpleIdGenerator.java
3 - spring-core/src/main/java/org/springframework/core/type/filter/TypeFilter.java
3 - spring-core/src/main/java/org/springframework/core/style/ValueStyler.java
3 - spring-core/src/main/java/org/springframework/core/annotation/AnnotationConfigurationException.java
3 - spring-core/src/main/java/org/springframework/core/io/buffer/package-info.java
3 - spring-core/src/main/java/org/springframework/core/io/FileUrlResource.java
3 - spring-core/src/main/java/org/springframework/core/io/support/ResourceRegion.java
3 - spring-core/src/main/java/org/springframework/core/io/ContextResource.java
3 - spring-core/src/main/java/org/springframework/core/io/ProtocolResolver.java
3 - spring-core/src/main/java/org/springframework/core/codec/DecodingException.java
3 - spring-core/src/main/java/org/springframework/core/codec/EncodingException.java
3 - spring-core/src/main/java/org/springframework/util/concurrent/DelegatingCompletableFuture.java
3 - spring-core/src/main/java/org/springframework/core/AliasRegistry.java
3 - spring-core/src/main/java/org/springframework/util/InvalidMimeTypeException.java
3 - spring-core/src/main/java/org/springframework/objenesis/SpringObjenesis.java
3 - spring-core/src/main/java/org/springframework/util/backoff/BackOffExecution.java
2 - spring-core/src/main/java/org/springframework/core/log/LogDelegateFactory.java
2 - spring-core/src/main/java/org/springframework/core/convert/support/ConfigurableConversionService.java
2 - spring-core/src/main/java/org/springframework/asm/ModuleWriter.java
2 - spring-core/src/main/java/org/springframework/core/io/support/DefaultPropertySourceFactory.java
2 - spring-core/src/main/java/org/springframework/core/type/filter/RegexPatternTypeFilter.java
2 - spring-core/src/main/java/org/springframework/lang/UsesSunMisc.java
2 - spring-core/src/main/java/org/springframework/asm/Handler.java
2 - spring-core/src/main/java/org/springframework/util/ExceptionTypeFilter.java
2 - spring-core/src/main/java/org/springframework/asm/TypeReference.java
2 - spring-core/src/main/java/org/springframework/core/io/support/PropertySourceFactory.java
2 - spring-core/src/main/java/org/springframework/core/io/support/ResourcePatternResolver.java
2 - spring-core/src/main/java/org/springframework/cglib/core/ReflectUtils.java
2 - spring-core/src/main/java/org/springframework/core/task/TaskDecorator.java
2 - spring-core/src/main/java/org/springframework/asm/Attribute.java
2 - spring-core/src/main/java/org/springframework/core/task/AsyncListenableTaskExecutor.java
2 - spring-core/src/main/java/org/springframework/asm/ModuleVisitor.java
2 - spring-core/src/main/java/org/springframework/asm/Edge.java
2 - spring-core/src/main/java/org/springframework/core/KotlinDetector.java
2 - spring-core/src/main/java/org/springframework/asm/CurrentFrame.java
1 - spring-core/src/main/java/org/springframework/cglib/proxy/package-info.java
1 - spring-core/src/main/java/org/springframework/objenesis/package-info.java
1 - spring-core/src/main/java/org/springframework/cglib/proxy/Enhancer.java
1 - spring-core/src/main/java/org/springframework/util/xml/StaxStreamHandler.java
1 - spring-core/src/main/java/org/springframework/asm/Symbol.java
1 - spring-core/src/main/java/org/springframework/core/DecoratingProxy.java
1 - spring-core/src/main/java/org/springframework/util/function/package-info.java
1 - spring-core/src/main/java/org/springframework/util/function/SupplierUtils.java
1 - spring-core/src/main/java/org/springframework/util/function/SingletonSupplier.java
1 - spring-core/src/main/java/org/springframework/core/log/package-info.java
1 - spring-core/src/main/java/org/springframework/asm/Constants.java
1 - spring-core/src/main/java/org/springframework/cglib/proxy/MethodProxy.java
1 - spring-core/src/main/java/org/springframework/asm/ConstantDynamic.java
1 - spring-core/src/main/java/org/springframework/cglib/core/package-info.java
1 - spring-core/src/main/java/org/springframework/cglib/core/KeyFactory.java
1 - spring-core/src/main/java/org/springframework/asm/SymbolTable.java
1 - spring-core/src/main/java/org/springframework/cglib/core/AbstractClassGenerator.java
1 - spring-core/src/main/java/org/springframework/cglib/core/SpringNamingPolicy.java
1 - spring-core/src/main/java/org/springframework/core/GraalDetector.java
1 - spring-core/src/main/java/org/springframework/core/serializer/support/SerializationDelegate.java