232 - src/main/java/com/puppycrawl/tools/checkstyle/Checker.java
216 - src/main/java/com/puppycrawl/tools/checkstyle/ant/CheckstyleAntTask.java
206 - src/main/java/com/puppycrawl/tools/checkstyle/TreeWalker.java
181 - src/main/java/com/puppycrawl/tools/checkstyle/checks/javadoc/JavadocMethodCheck.java
151 - src/main/java/com/puppycrawl/tools/checkstyle/Main.java
143 - src/main/java/com/puppycrawl/tools/checkstyle/ConfigurationLoader.java
120 - src/main/java/com/puppycrawl/tools/checkstyle/checks/coding/HiddenFieldCheck.java
119 - src/main/java/com/puppycrawl/tools/checkstyle/checks/javadoc/JavadocStyleCheck.java
114 - src/main/java/com/puppycrawl/tools/checkstyle/Definitions.java
114 - src/main/java/com/puppycrawl/tools/checkstyle/checks/javadoc/AbstractTypeAwareCheck.java
112 - src/main/java/com/puppycrawl/tools/checkstyle/checks/whitespace/WhitespaceAroundCheck.java
111 - src/main/java/com/puppycrawl/tools/checkstyle/checks/blocks/LeftCurlyCheck.java
110 - src/main/java/com/puppycrawl/tools/checkstyle/checks/blocks/RightCurlyCheck.java
110 - src/main/java/com/puppycrawl/tools/checkstyle/api/AbstractCheck.java
109 - src/main/java/com/puppycrawl/tools/checkstyle/filters/SuppressWithNearbyCommentFilter.java
109 - src/main/java/com/puppycrawl/tools/checkstyle/api/AutomaticBean.java
109 - src/main/java/com/puppycrawl/tools/checkstyle/checks/TranslationCheck.java
109 - src/main/java/com/puppycrawl/tools/checkstyle/api/LocalizedMessage.java
106 - src/main/java/com/puppycrawl/tools/checkstyle/checks/javadoc/JavadocTypeCheck.java
104 - src/main/java/com/puppycrawl/tools/checkstyle/checks/design/VisibilityModifierCheck.java
104 - src/main/java/com/puppycrawl/tools/checkstyle/api/DetailAST.java
104 - src/main/java/com/puppycrawl/tools/checkstyle/api/TokenTypes.java
102 - src/main/java/com/puppycrawl/tools/checkstyle/XMLLogger.java
102 - src/main/java/com/puppycrawl/tools/checkstyle/filters/SuppressionCommentFilter.java
102 - src/main/java/com/puppycrawl/tools/checkstyle/checks/coding/IllegalInstantiationCheck.java
100 - src/main/java/com/puppycrawl/tools/checkstyle/PropertyCacheFile.java
99 - src/main/java/com/puppycrawl/tools/checkstyle/checks/coding/RequireThisCheck.java
97 - src/main/java/com/puppycrawl/tools/checkstyle/api/FileContents.java
97 - src/main/java/com/puppycrawl/tools/checkstyle/api/AbstractFileSetCheck.java
97 - src/main/java/com/puppycrawl/tools/checkstyle/checks/coding/FinalLocalVariableCheck.java
96 - src/main/java/com/puppycrawl/tools/checkstyle/checks/coding/MagicNumberCheck.java
96 - src/main/java/com/puppycrawl/tools/checkstyle/checks/imports/ImportOrderCheck.java
92 - src/main/java/com/puppycrawl/tools/checkstyle/checks/indentation/AbstractExpressionHandler.java
90 - src/main/java/com/puppycrawl/tools/checkstyle/checks/blocks/EmptyBlockCheck.java
89 - src/main/java/com/puppycrawl/tools/checkstyle/checks/modifier/RedundantModifierCheck.java
88 - src/main/java/com/puppycrawl/tools/checkstyle/checks/imports/UnusedImportsCheck.java
84 - src/main/java/com/puppycrawl/tools/checkstyle/PackageNamesLoader.java
84 - src/main/java/com/puppycrawl/tools/checkstyle/checks/indentation/IndentationCheck.java
83 - src/main/java/com/puppycrawl/tools/checkstyle/checks/header/RegexpHeaderCheck.java
82 - src/main/java/com/puppycrawl/tools/checkstyle/utils/CheckUtils.java
81 - src/main/java/com/puppycrawl/tools/checkstyle/PackageObjectFactory.java
81 - src/main/java/com/puppycrawl/tools/checkstyle/checks/coding/IllegalTypeCheck.java
80 - src/main/java/com/puppycrawl/tools/checkstyle/checks/imports/CustomImportOrderCheck.java
80 - src/main/java/com/puppycrawl/tools/checkstyle/gui/TreeTable.java
78 - src/main/java/com/puppycrawl/tools/checkstyle/checks/SuppressWarningsHolder.java
77 - src/main/java/com/puppycrawl/tools/checkstyle/DefaultLogger.java
77 - src/main/java/com/puppycrawl/tools/checkstyle/checks/indentation/HandlerFactory.java
76 - src/main/java/com/puppycrawl/tools/checkstyle/JavadocDetailNodeParser.java
76 - src/main/java/com/puppycrawl/tools/checkstyle/checks/whitespace/ParenPadCheck.java
76 - src/main/java/com/puppycrawl/tools/checkstyle/checks/indentation/BlockParentHandler.java
75 - src/main/java/com/puppycrawl/tools/checkstyle/utils/JavadocUtils.java
75 - src/main/java/com/puppycrawl/tools/checkstyle/checks/javadoc/AbstractJavadocCheck.java
74 - src/main/java/com/puppycrawl/tools/checkstyle/checks/coding/DeclarationOrderCheck.java
74 - src/main/java/com/puppycrawl/tools/checkstyle/checks/design/DesignForExtensionCheck.java
72 - src/main/java/com/puppycrawl/tools/checkstyle/checks/javadoc/JavadocVariableCheck.java
71 - src/main/java/com/puppycrawl/tools/checkstyle/checks/modifier/ModifierOrderCheck.java
71 - src/main/java/com/puppycrawl/tools/checkstyle/checks/coding/FallThroughCheck.java
70 - src/main/java/com/puppycrawl/tools/checkstyle/checks/coding/AbstractSuperCheck.java
70 - src/main/java/com/puppycrawl/tools/checkstyle/checks/imports/ImportControlLoader.java
70 - src/main/java/com/puppycrawl/tools/checkstyle/checks/TrailingCommentCheck.java
70 - src/main/java/com/puppycrawl/tools/checkstyle/checks/blocks/NeedBracesCheck.java
70 - src/main/java/com/puppycrawl/tools/checkstyle/filters/SuppressionsLoader.java
69 - src/main/java/com/puppycrawl/tools/checkstyle/checks/metrics/AbstractClassCouplingCheck.java
69 - src/main/java/com/puppycrawl/tools/checkstyle/filters/SuppressElement.java
69 - src/main/java/com/puppycrawl/tools/checkstyle/checks/javadoc/ClassResolver.java
69 - src/main/java/com/puppycrawl/tools/checkstyle/checks/imports/AvoidStarImportCheck.java
69 - src/main/java/com/puppycrawl/tools/checkstyle/checks/whitespace/NoWhitespaceAfterCheck.java
68 - src/main/java/com/puppycrawl/tools/checkstyle/utils/ScopeUtils.java
68 - src/main/java/com/puppycrawl/tools/checkstyle/checks/naming/LocalVariableNameCheck.java
66 - src/main/java/com/puppycrawl/tools/checkstyle/checks/coding/ModifiedControlVariableCheck.java
66 - src/main/java/com/puppycrawl/tools/checkstyle/checks/coding/EqualsHashCodeCheck.java
66 - src/main/java/com/puppycrawl/tools/checkstyle/checks/whitespace/OperatorWrapCheck.java
66 - src/main/java/com/puppycrawl/tools/checkstyle/checks/coding/MultipleStringLiteralsCheck.java
65 - src/main/java/com/puppycrawl/tools/checkstyle/checks/UncommentedMainCheck.java
65 - src/main/java/com/puppycrawl/tools/checkstyle/checks/naming/MemberNameCheck.java
65 - src/main/java/com/puppycrawl/tools/checkstyle/checks/coding/InnerAssignmentCheck.java
65 - src/main/java/com/puppycrawl/tools/checkstyle/checks/DescendantTokenCheck.java
64 - src/main/java/com/puppycrawl/tools/checkstyle/checks/indentation/MethodCallHandler.java
64 - src/main/java/com/puppycrawl/tools/checkstyle/checks/sizes/LineLengthCheck.java
64 - src/main/java/com/puppycrawl/tools/checkstyle/checks/design/FinalClassCheck.java
63 - src/main/java/com/puppycrawl/tools/checkstyle/checks/naming/MethodNameCheck.java
63 - src/main/java/com/puppycrawl/tools/checkstyle/checks/whitespace/GenericWhitespaceCheck.java
63 - src/main/java/com/puppycrawl/tools/checkstyle/checks/header/HeaderCheck.java
63 - src/main/java/com/puppycrawl/tools/checkstyle/checks/design/HideUtilityClassConstructorCheck.java
62 - src/main/java/com/puppycrawl/tools/checkstyle/checks/coding/EqualsAvoidNullCheck.java
62 - src/main/java/com/puppycrawl/tools/checkstyle/XmlLoader.java
62 - src/main/java/com/puppycrawl/tools/checkstyle/checks/header/AbstractHeaderCheck.java
61 - src/main/java/com/puppycrawl/tools/checkstyle/checks/imports/IllegalImportCheck.java
61 - src/main/java/com/puppycrawl/tools/checkstyle/checks/coding/ExplicitInitializationCheck.java
61 - src/main/java/com/puppycrawl/tools/checkstyle/checks/naming/PackageNameCheck.java
61 - src/main/java/com/puppycrawl/tools/checkstyle/checks/metrics/JavaNCSSCheck.java
61 - src/main/java/com/puppycrawl/tools/checkstyle/checks/imports/RedundantImportCheck.java
61 - src/main/java/com/puppycrawl/tools/checkstyle/checks/coding/SimplifyBooleanReturnCheck.java
61 - src/main/java/com/puppycrawl/tools/checkstyle/checks/whitespace/NoWhitespaceBeforeCheck.java
60 - src/main/java/com/puppycrawl/tools/checkstyle/TreeWalkerAuditEvent.java
60 - src/main/java/com/puppycrawl/tools/checkstyle/checks/annotation/AnnotationUseStyleCheck.java
60 - src/main/java/com/puppycrawl/tools/checkstyle/checks/naming/ParameterNameCheck.java
59 - src/main/java/com/puppycrawl/tools/checkstyle/checks/NewlineAtEndOfFileCheck.java
59 - src/main/java/com/puppycrawl/tools/checkstyle/checks/whitespace/WhitespaceAfterCheck.java
59 - src/main/java/com/puppycrawl/tools/checkstyle/checks/naming/ConstantNameCheck.java
59 - src/main/java/com/puppycrawl/tools/checkstyle/checks/imports/ImportControlCheck.java
58 - src/main/java/com/puppycrawl/tools/checkstyle/checks/blocks/AvoidNestedBlocksCheck.java
58 - src/main/java/com/puppycrawl/tools/checkstyle/checks/naming/StaticVariableNameCheck.java
57 - src/main/java/com/puppycrawl/tools/checkstyle/api/AuditEvent.java
57 - src/main/java/com/puppycrawl/tools/checkstyle/checks/regexp/RegexpCheck.java
57 - src/main/java/com/puppycrawl/tools/checkstyle/checks/sizes/MethodCountCheck.java
57 - src/main/java/com/puppycrawl/tools/checkstyle/checks/FinalParametersCheck.java
56 - src/main/java/com/puppycrawl/tools/checkstyle/checks/javadoc/JavadocPackageCheck.java
56 - src/main/java/com/puppycrawl/tools/checkstyle/checks/design/MutableExceptionCheck.java
56 - src/main/java/com/puppycrawl/tools/checkstyle/checks/indentation/ArrayInitHandler.java
56 - src/main/java/com/puppycrawl/tools/checkstyle/api/FileText.java
56 - src/main/java/com/puppycrawl/tools/checkstyle/checks/coding/ReturnCountCheck.java
56 - src/main/java/com/puppycrawl/tools/checkstyle/checks/javadoc/WriteTagCheck.java
55 - src/main/java/com/puppycrawl/tools/checkstyle/checks/annotation/SuppressWarningsCheck.java
55 - src/main/java/com/puppycrawl/tools/checkstyle/checks/coding/IllegalTokenTextCheck.java
55 - src/main/java/com/puppycrawl/tools/checkstyle/checks/naming/LocalFinalVariableNameCheck.java
55 - src/main/java/com/puppycrawl/tools/checkstyle/checks/coding/VariableDeclarationUsageDistanceCheck.java
54 - src/main/java/com/puppycrawl/tools/checkstyle/checks/sizes/FileLengthCheck.java
54 - src/main/java/com/puppycrawl/tools/checkstyle/checks/javadoc/JavadocTag.java
53 - src/main/java/com/puppycrawl/tools/checkstyle/checks/javadoc/TagParser.java
53 - src/main/java/com/puppycrawl/tools/checkstyle/api/FullIdent.java
53 - src/main/java/com/puppycrawl/tools/checkstyle/checks/coding/CovariantEqualsCheck.java
53 - src/main/java/com/puppycrawl/tools/checkstyle/checks/whitespace/MethodParamPadCheck.java
52 - src/main/java/com/puppycrawl/tools/checkstyle/filters/CsvFilter.java
52 - src/main/java/com/puppycrawl/tools/checkstyle/checks/sizes/ParameterNumberCheck.java
52 - src/main/java/com/puppycrawl/tools/checkstyle/checks/javadoc/JavadocTagInfo.java
52 - src/main/java/com/puppycrawl/tools/checkstyle/checks/UpperEllCheck.java
51 - src/main/java/com/puppycrawl/tools/checkstyle/checks/sizes/ExecutableStatementCountCheck.java
51 - src/main/java/com/puppycrawl/tools/checkstyle/checks/indentation/MethodDefHandler.java
51 - src/main/java/com/puppycrawl/tools/checkstyle/checks/naming/AbstractClassNameCheck.java
51 - src/main/java/com/puppycrawl/tools/checkstyle/checks/blocks/LeftCurlyOption.java
51 - src/main/java/com/puppycrawl/tools/checkstyle/checks/TodoCommentCheck.java
51 - src/main/java/com/puppycrawl/tools/checkstyle/checks/sizes/MethodLengthCheck.java
51 - src/main/java/com/puppycrawl/tools/checkstyle/DefaultConfiguration.java
51 - src/main/java/com/puppycrawl/tools/checkstyle/api/AbstractViolationReporter.java
50 - src/main/java/com/puppycrawl/tools/checkstyle/PropertiesExpander.java
50 - src/main/java/com/puppycrawl/tools/checkstyle/checks/annotation/MissingDeprecatedCheck.java
50 - src/main/java/com/puppycrawl/tools/checkstyle/checks/metrics/BooleanExpressionComplexityCheck.java
50 - src/main/java/com/puppycrawl/tools/checkstyle/api/Scope.java
50 - src/main/java/com/puppycrawl/tools/checkstyle/checks/whitespace/PadOption.java
50 - src/main/java/com/puppycrawl/tools/checkstyle/checks/whitespace/EmptyForInitializerPadCheck.java
50 - src/main/java/com/puppycrawl/tools/checkstyle/checks/naming/TypeNameCheck.java
49 - src/main/java/com/puppycrawl/tools/checkstyle/checks/blocks/RightCurlyOption.java
49 - src/main/java/com/puppycrawl/tools/checkstyle/checks/coding/ArrayTrailingCommaCheck.java
49 - src/main/java/com/puppycrawl/tools/checkstyle/checks/coding/UnnecessaryParenthesesCheck.java
49 - src/main/java/com/puppycrawl/tools/checkstyle/checks/coding/SimplifyBooleanExpressionCheck.java
49 - src/main/java/com/puppycrawl/tools/checkstyle/checks/indentation/ObjectBlockHandler.java
48 - src/main/java/com/puppycrawl/tools/checkstyle/checks/imports/ImportControl.java
48 - src/main/java/com/puppycrawl/tools/checkstyle/checks/naming/InterfaceTypeParameterNameCheck.java
48 - src/main/java/com/puppycrawl/tools/checkstyle/checks/naming/ClassTypeParameterNameCheck.java
48 - src/main/java/com/puppycrawl/tools/checkstyle/checks/ArrayTypeStyleCheck.java
48 - src/main/java/com/puppycrawl/tools/checkstyle/checks/naming/MethodTypeParameterNameCheck.java
48 - src/main/java/com/puppycrawl/tools/checkstyle/checks/annotation/MissingOverrideCheck.java
48 - src/main/java/com/puppycrawl/tools/checkstyle/checks/design/ThrowsCountCheck.java
47 - src/main/java/com/puppycrawl/tools/checkstyle/checks/coding/EmptyStatementCheck.java
47 - src/main/java/com/puppycrawl/tools/checkstyle/checks/sizes/AnonInnerLengthCheck.java
46 - src/main/java/com/puppycrawl/tools/checkstyle/checks/AvoidEscapedUnicodeCharactersCheck.java
46 - src/main/java/com/puppycrawl/tools/checkstyle/checks/indentation/SlistHandler.java
46 - src/main/java/com/puppycrawl/tools/checkstyle/checks/metrics/CyclomaticComplexityCheck.java
46 - src/main/java/com/puppycrawl/tools/checkstyle/filters/SuppressionFilter.java
46 - src/main/java/com/puppycrawl/tools/checkstyle/checks/regexp/MatchSuppressor.java
46 - src/main/java/com/puppycrawl/tools/checkstyle/checks/indentation/ClassDefHandler.java
46 - src/main/java/com/puppycrawl/tools/checkstyle/checks/regexp/NeverSuppress.java
46 - src/main/java/com/puppycrawl/tools/checkstyle/filters/SeverityMatchFilter.java
46 - src/main/java/com/puppycrawl/tools/checkstyle/checks/coding/SuperFinalizeCheck.java
45 - src/main/java/com/puppycrawl/tools/checkstyle/checks/indentation/IfHandler.java
44 - src/main/java/com/puppycrawl/tools/checkstyle/checks/whitespace/EmptyLineSeparatorCheck.java
44 - src/main/java/com/puppycrawl/tools/checkstyle/api/Comment.java
44 - src/main/java/com/puppycrawl/tools/checkstyle/api/JavadocTokenTypes.java
44 - src/main/java/com/puppycrawl/tools/checkstyle/checks/coding/IllegalCatchCheck.java
44 - src/main/java/com/puppycrawl/tools/checkstyle/api/FileSetCheck.java
44 - src/main/java/com/puppycrawl/tools/checkstyle/checks/coding/IllegalThrowsCheck.java
44 - src/main/java/com/puppycrawl/tools/checkstyle/checks/whitespace/EmptyForIteratorPadCheck.java
44 - src/main/java/com/puppycrawl/tools/checkstyle/checks/whitespace/WrapOption.java
43 - src/main/java/com/puppycrawl/tools/checkstyle/api/FilterSet.java
43 - src/main/java/com/puppycrawl/tools/checkstyle/checks/blocks/BlockOption.java
43 - src/main/java/com/puppycrawl/tools/checkstyle/checks/indentation/LineWrappingHandler.java
43 - src/main/java/com/puppycrawl/tools/checkstyle/checks/whitespace/AbstractParenPadCheck.java
43 - src/main/java/com/puppycrawl/tools/checkstyle/checks/coding/ParameterAssignmentCheck.java
43 - src/main/java/com/puppycrawl/tools/checkstyle/checks/coding/MissingCtorCheck.java
43 - src/main/java/com/puppycrawl/tools/checkstyle/checks/metrics/NPathComplexityCheck.java
42 - src/main/java/com/puppycrawl/tools/checkstyle/checks/LineSeparatorOption.java
42 - src/main/java/com/puppycrawl/tools/checkstyle/checks/coding/PackageDeclarationCheck.java
42 - src/main/java/com/puppycrawl/tools/checkstyle/checks/indentation/ForHandler.java
42 - src/main/java/com/puppycrawl/tools/checkstyle/filters/IntRangeFilter.java
42 - src/main/java/com/puppycrawl/tools/checkstyle/checks/indentation/IndentLevel.java
41 - src/main/java/com/puppycrawl/tools/checkstyle/checks/coding/NoFinalizerCheck.java
41 - src/main/java/com/puppycrawl/tools/checkstyle/checks/design/InterfaceIsTypeCheck.java
41 - src/main/java/com/puppycrawl/tools/checkstyle/checks/naming/AbstractNameCheck.java
41 - src/main/java/com/puppycrawl/tools/checkstyle/checks/coding/MultipleVariableDeclarationsCheck.java
41 - src/main/java/com/puppycrawl/tools/checkstyle/api/SeverityLevel.java
40 - src/main/java/com/puppycrawl/tools/checkstyle/checks/indentation/CommentsIndentationCheck.java
40 - src/main/java/com/puppycrawl/tools/checkstyle/checks/indentation/LineSet.java
40 - src/main/java/com/puppycrawl/tools/checkstyle/gui/Main.java
40 - src/main/java/com/puppycrawl/tools/checkstyle/checks/indentation/LabelHandler.java
39 - src/main/java/com/puppycrawl/tools/checkstyle/checks/indentation/TryHandler.java
39 - src/main/java/com/puppycrawl/tools/checkstyle/checks/coding/StringLiteralEqualityCheck.java
39 - src/main/java/com/puppycrawl/tools/checkstyle/checks/naming/AbbreviationAsWordInNameCheck.java
39 - src/main/java/com/puppycrawl/tools/checkstyle/filters/IntMatchFilter.java
39 - src/main/java/com/puppycrawl/tools/checkstyle/checks/coding/MissingSwitchDefaultCheck.java
39 - src/main/java/com/puppycrawl/tools/checkstyle/checks/indentation/CaseHandler.java
39 - src/main/java/com/puppycrawl/tools/checkstyle/checks/coding/AvoidInlineConditionalsCheck.java
38 - src/main/java/com/puppycrawl/tools/checkstyle/checks/javadoc/SummaryJavadocCheck.java
38 - src/main/java/com/puppycrawl/tools/checkstyle/checks/coding/IllegalTokenCheck.java
38 - src/main/java/com/puppycrawl/tools/checkstyle/checks/imports/AvoidStaticImportCheck.java
38 - src/main/java/com/puppycrawl/tools/checkstyle/api/Contextualizable.java
37 - src/main/java/com/puppycrawl/tools/checkstyle/checks/coding/DefaultComesLastCheck.java
37 - src/main/java/com/puppycrawl/tools/checkstyle/api/TextBlock.java
37 - src/main/java/com/puppycrawl/tools/checkstyle/checks/regexp/MultilineDetector.java
37 - src/main/java/com/puppycrawl/tools/checkstyle/checks/javadoc/HtmlTag.java
37 - src/main/java/com/puppycrawl/tools/checkstyle/checks/coding/NestedTryDepthCheck.java
37 - src/main/java/com/puppycrawl/tools/checkstyle/checks/regexp/DetectorOptions.java
37 - src/main/java/com/puppycrawl/tools/checkstyle/checks/coding/NestedIfDepthCheck.java
36 - src/main/java/com/puppycrawl/tools/checkstyle/gui/TreeTableModelAdapter.java
36 - src/main/java/com/puppycrawl/tools/checkstyle/DefaultContext.java
36 - src/main/java/com/puppycrawl/tools/checkstyle/checks/indentation/ElseHandler.java
36 - src/main/java/com/puppycrawl/tools/checkstyle/api/CheckstyleException.java
36 - src/main/java/com/puppycrawl/tools/checkstyle/api/Context.java
35 - src/main/java/com/puppycrawl/tools/checkstyle/checks/UniquePropertiesCheck.java
35 - src/main/java/com/puppycrawl/tools/checkstyle/api/Configurable.java
35 - src/main/java/com/puppycrawl/tools/checkstyle/checks/whitespace/TypecastParenPadCheck.java
35 - src/main/java/com/puppycrawl/tools/checkstyle/checks/indentation/CatchHandler.java
35 - src/main/java/com/puppycrawl/tools/checkstyle/checks/indentation/DoWhileHandler.java
35 - src/main/java/com/puppycrawl/tools/checkstyle/checks/indentation/NewHandler.java
35 - src/main/java/com/puppycrawl/tools/checkstyle/checks/indentation/MemberDefHandler.java
35 - src/main/java/com/puppycrawl/tools/checkstyle/checks/OuterTypeFilenameCheck.java
35 - src/main/java/com/puppycrawl/tools/checkstyle/checks/indentation/SwitchHandler.java
34 - src/main/java/com/puppycrawl/tools/checkstyle/checks/javadoc/AtclauseOrderCheck.java
34 - src/main/java/com/puppycrawl/tools/checkstyle/checks/indentation/PrimordialHandler.java
34 - src/main/java/com/puppycrawl/tools/checkstyle/checks/indentation/PackageDefHandler.java
34 - src/main/java/com/puppycrawl/tools/checkstyle/checks/coding/NoCloneCheck.java
34 - src/main/java/com/puppycrawl/tools/checkstyle/checks/indentation/WhileHandler.java
34 - src/main/java/com/puppycrawl/tools/checkstyle/api/Configuration.java
33 - src/main/java/com/puppycrawl/tools/checkstyle/checks/indentation/IndexHandler.java
33 - src/main/java/com/puppycrawl/tools/checkstyle/checks/coding/OneStatementPerLineCheck.java
33 - src/main/java/com/puppycrawl/tools/checkstyle/api/LineColumn.java
33 - src/main/java/com/puppycrawl/tools/checkstyle/checks/annotation/AnnotationLocationCheck.java
33 - src/main/java/com/puppycrawl/tools/checkstyle/filters/SuppressWarningsFilter.java
33 - src/main/java/com/puppycrawl/tools/checkstyle/api/AuditListener.java
33 - src/main/java/com/puppycrawl/tools/checkstyle/utils/AnnotationUtility.java
32 - src/main/java/com/puppycrawl/tools/checkstyle/checks/metrics/ClassDataAbstractionCouplingCheck.java
32 - src/main/java/com/puppycrawl/tools/checkstyle/checks/coding/SuperCloneCheck.java
32 - src/main/java/com/puppycrawl/tools/checkstyle/api/MessageDispatcher.java
32 - src/main/java/com/puppycrawl/tools/checkstyle/checks/metrics/ClassFanOutComplexityCheck.java
32 - src/main/java/com/puppycrawl/tools/checkstyle/api/SeverityLevelCounter.java
32 - src/main/java/com/puppycrawl/tools/checkstyle/utils/CommonUtils.java
32 - src/main/java/com/puppycrawl/tools/checkstyle/checks/indentation/ImportHandler.java
31 - src/main/java/com/puppycrawl/tools/checkstyle/checks/indentation/FinallyHandler.java
31 - src/main/java/com/puppycrawl/tools/checkstyle/gui/CodeSelectorPresentation.java
30 - src/main/java/com/puppycrawl/tools/checkstyle/checks/regexp/RegexpSinglelineJavaCheck.java
30 - src/main/java/com/puppycrawl/tools/checkstyle/TreeWalkerFilter.java
30 - src/main/java/com/puppycrawl/tools/checkstyle/checks/design/InnerTypeLastCheck.java
30 - src/main/java/com/puppycrawl/tools/checkstyle/ModuleFactory.java
30 - src/main/java/com/puppycrawl/tools/checkstyle/checks/naming/AbstractTypeParameterNameCheck.java
30 - src/main/java/com/puppycrawl/tools/checkstyle/checks/indentation/StaticInitHandler.java
30 - src/main/java/com/puppycrawl/tools/checkstyle/PropertyResolver.java
30 - src/main/java/com/puppycrawl/tools/checkstyle/checks/javadoc/JavadocParagraphCheck.java
30 - src/main/java/com/puppycrawl/tools/checkstyle/filters/IntFilter.java
29 - src/main/java/com/puppycrawl/tools/checkstyle/checks/regexp/SinglelineDetector.java
29 - src/main/java/com/puppycrawl/tools/checkstyle/checks/javadoc/SingleLineJavadocCheck.java
29 - src/main/java/com/puppycrawl/tools/checkstyle/api/BeforeExecutionFileFilter.java
29 - src/main/java/com/puppycrawl/tools/checkstyle/checks/design/OneTopLevelClassCheck.java
28 - src/main/java/com/puppycrawl/tools/checkstyle/gui/BaseCellEditor.java
28 - src/main/java/com/puppycrawl/tools/checkstyle/api/Filter.java
28 - src/main/java/com/puppycrawl/tools/checkstyle/gui/CodeSelector.java
28 - src/main/java/com/puppycrawl/tools/checkstyle/checks/naming/AbstractAccessControlNameCheck.java
28 - src/main/java/com/puppycrawl/tools/checkstyle/checks/sizes/OuterTypeNumberCheck.java
26 - src/main/java/com/puppycrawl/tools/checkstyle/checks/regexp/RegexpMultilineCheck.java
26 - src/main/java/com/puppycrawl/tools/checkstyle/checks/annotation/PackageAnnotationCheck.java
26 - src/main/java/com/puppycrawl/tools/checkstyle/checks/javadoc/JavadocTagContinuationIndentationCheck.java
26 - src/main/java/com/puppycrawl/tools/checkstyle/checks/javadoc/JavadocNodeImpl.java
26 - src/main/java/com/puppycrawl/tools/checkstyle/checks/coding/NestedForDepthCheck.java
25 - src/main/java/com/puppycrawl/tools/checkstyle/checks/whitespace/FileTabCharacterCheck.java
25 - src/main/java/com/puppycrawl/tools/checkstyle/checks/imports/MismatchStrategy.java
25 - src/main/java/com/puppycrawl/tools/checkstyle/gui/ListToTreeSelectionModelWrapper.java
25 - src/main/java/com/puppycrawl/tools/checkstyle/xpath/package-info.java
25 - src/main/java/com/puppycrawl/tools/checkstyle/checks/regexp/CommentSuppressor.java
24 - src/main/java/com/puppycrawl/tools/checkstyle/grammars/CommentListener.java
24 - src/main/java/com/puppycrawl/tools/checkstyle/checks/imports/AccessResult.java
24 - src/main/java/com/puppycrawl/tools/checkstyle/filefilters/package-info.java
24 - src/main/java/com/puppycrawl/tools/checkstyle/grammars/package-info.java
24 - src/main/java/com/puppycrawl/tools/checkstyle/checks/blocks/EmptyCatchBlockCheck.java
24 - src/main/java/com/puppycrawl/tools/checkstyle/checks/regexp/RegexpSinglelineCheck.java
23 - src/main/java/com/puppycrawl/tools/checkstyle/checks/javadoc/utils/package-info.java
23 - src/main/java/com/puppycrawl/tools/checkstyle/checks/regexp/package-info.java
23 - src/main/java/com/puppycrawl/tools/checkstyle/ant/package-info.java
23 - src/main/java/com/puppycrawl/tools/checkstyle/package-info.java
23 - src/main/java/com/puppycrawl/tools/checkstyle/utils/package-info.java
23 - src/main/java/com/puppycrawl/tools/checkstyle/checks/annotation/package-info.java
22 - src/main/java/com/puppycrawl/tools/checkstyle/checks/naming/package-info.java
22 - src/main/java/com/puppycrawl/tools/checkstyle/checks/whitespace/package-info.java
22 - src/main/java/com/puppycrawl/tools/checkstyle/checks/sizes/package-info.java
22 - src/main/java/com/puppycrawl/tools/checkstyle/checks/indentation/package-info.java
22 - src/main/java/com/puppycrawl/tools/checkstyle/checks/coding/package-info.java
22 - src/main/java/com/puppycrawl/tools/checkstyle/checks/imports/package-info.java
22 - src/main/java/com/puppycrawl/tools/checkstyle/checks/javadoc/package-info.java
22 - src/main/java/com/puppycrawl/tools/checkstyle/checks/header/package-info.java
22 - src/main/java/com/puppycrawl/tools/checkstyle/checks/package-info.java
22 - src/main/java/com/puppycrawl/tools/checkstyle/checks/design/package-info.java
22 - src/main/java/com/puppycrawl/tools/checkstyle/checks/metrics/package-info.java
22 - src/main/java/com/puppycrawl/tools/checkstyle/checks/blocks/package-info.java
22 - src/main/java/com/puppycrawl/tools/checkstyle/filters/package-info.java
22 - src/main/java/com/puppycrawl/tools/checkstyle/api/package-info.java
21 - src/main/java/com/puppycrawl/tools/checkstyle/checks/modifier/package-info.java
21 - src/main/java/com/puppycrawl/tools/checkstyle/checks/imports/ImportOrderOption.java
20 - src/main/java/com/puppycrawl/tools/checkstyle/checks/whitespace/SeparatorWrapCheck.java
20 - src/main/java/com/puppycrawl/tools/checkstyle/checks/whitespace/NoLineWrapCheck.java
20 - src/main/java/com/puppycrawl/tools/checkstyle/checks/coding/OverloadMethodsDeclarationOrderCheck.java
20 - src/main/java/com/puppycrawl/tools/checkstyle/checks/javadoc/InvalidJavadocTag.java
19 - src/main/java/com/puppycrawl/tools/checkstyle/checks/javadoc/NonEmptyAtclauseDescriptionCheck.java
19 - src/main/java/com/puppycrawl/tools/checkstyle/checks/javadoc/JavadocTags.java
18 - src/main/java/com/puppycrawl/tools/checkstyle/gui/ParseTreeTablePresentation.java
17 - src/main/java/com/puppycrawl/tools/checkstyle/AstTreeStringPrinter.java
16 - src/main/java/com/puppycrawl/tools/checkstyle/gui/MainFrameModel.java
16 - src/main/java/com/puppycrawl/tools/checkstyle/utils/TokenUtils.java
15 - src/main/java/com/puppycrawl/tools/checkstyle/checks/indentation/SynchronizedHandler.java
14 - src/main/java/com/puppycrawl/tools/checkstyle/gui/ParseTreeTableModel.java
14 - src/main/java/com/puppycrawl/tools/checkstyle/AuditEventFormatter.java
14 - src/main/java/com/puppycrawl/tools/checkstyle/DetailNodeTreeStringPrinter.java
13 - src/main/java/com/puppycrawl/tools/checkstyle/gui/MainFrame.java
12 - src/main/java/com/puppycrawl/tools/checkstyle/api/DetailNode.java
12 - src/main/java/com/puppycrawl/tools/checkstyle/checks/regexp/RegexpOnFilenameCheck.java
12 - src/main/java/com/puppycrawl/tools/checkstyle/gui/TreeTableCellRenderer.java
12 - src/main/java/com/puppycrawl/tools/checkstyle/checks/whitespace/SingleSpaceSeparatorCheck.java
10 - src/main/java/com/puppycrawl/tools/checkstyle/gui/package-info.java
9 - src/main/java/com/puppycrawl/tools/checkstyle/AuditEventDefaultFormatter.java
9 - src/main/java/com/puppycrawl/tools/checkstyle/checks/indentation/LambdaHandler.java
7 - src/main/java/com/puppycrawl/tools/checkstyle/checks/imports/AbstractImportRule.java
7 - src/main/java/com/puppycrawl/tools/checkstyle/filters/XpathFilter.java
7 - src/main/java/com/puppycrawl/tools/checkstyle/checks/naming/CatchParameterNameCheck.java
7 - src/main/java/com/puppycrawl/tools/checkstyle/filefilters/BeforeExecutionExclusionFileFilter.java
6 - src/main/java/com/puppycrawl/tools/checkstyle/FileStatefulCheck.java
6 - src/main/java/com/puppycrawl/tools/checkstyle/api/ExternalResourceHolder.java
6 - src/main/java/com/puppycrawl/tools/checkstyle/checks/naming/AccessModifier.java
6 - src/main/java/com/puppycrawl/tools/checkstyle/utils/ModuleReflectionUtils.java
6 - src/main/java/com/puppycrawl/tools/checkstyle/utils/FilterUtils.java
6 - src/main/java/com/puppycrawl/tools/checkstyle/ThreadModeSettings.java
5 - src/main/java/com/puppycrawl/tools/checkstyle/GlobalStatefulCheck.java
5 - src/main/java/com/puppycrawl/tools/checkstyle/api/BeforeExecutionFileFilterSet.java
5 - src/main/java/com/puppycrawl/tools/checkstyle/api/RootModule.java
5 - src/main/java/com/puppycrawl/tools/checkstyle/checks/imports/ClassImportRule.java
5 - src/main/java/com/puppycrawl/tools/checkstyle/checks/imports/PkgImportRule.java
5 - src/main/java/com/puppycrawl/tools/checkstyle/utils/BlockCommentPosition.java
5 - src/main/java/com/puppycrawl/tools/checkstyle/checks/javadoc/utils/InlineTagUtils.java
5 - src/main/java/com/puppycrawl/tools/checkstyle/xpath/XpathQueryGenerator.java
5 - src/main/java/com/puppycrawl/tools/checkstyle/StatelessCheck.java
5 - src/main/java/com/puppycrawl/tools/checkstyle/filters/SuppressWithPlainTextCommentFilter.java
4 - src/main/java/com/puppycrawl/tools/checkstyle/xpath/AbstractNode.java
4 - src/main/java/com/puppycrawl/tools/checkstyle/xpath/RootNode.java
4 - src/main/java/com/puppycrawl/tools/checkstyle/xpath/ElementNode.java
4 - src/main/java/com/puppycrawl/tools/checkstyle/filters/SuppressionXpathFilter.java
4 - src/main/java/com/puppycrawl/tools/checkstyle/xpath/AttributeNode.java
4 - src/main/java/com/puppycrawl/tools/checkstyle/checks/javadoc/utils/TagInfo.java
3 - src/main/java/com/puppycrawl/tools/checkstyle/checks/javadoc/utils/BlockTagUtils.java
2 - src/main/java/com/puppycrawl/tools/checkstyle/checks/annotation/AnnotationOnSameLineCheck.java
1 - src/main/java/com/puppycrawl/tools/checkstyle/JavadocPropertiesGenerator.java
1 - src/main/java/com/puppycrawl/tools/checkstyle/JavaParser.java