687 - lib/sinatra/base.rb
228 - lib/sinatra.rb
39 - sinatra-contrib/lib/sinatra/namespace.rb
34 - sinatra-contrib/lib/sinatra/reloader.rb
34 - lib/sinatra/show_exceptions.rb
30 - sinatra-contrib/spec/namespace_spec.rb
28 - sinatra-contrib/lib/sinatra/respond_with.rb
28 - sinatra-contrib/lib/sinatra/content_for.rb
27 - lib/sinatra/version.rb
26 - sinatra-contrib/lib/sinatra/contrib/version.rb
25 - lib/sinatra/main.rb
24 - sinatra-contrib/spec/reloader_spec.rb
24 - sinatra-contrib/lib/sinatra/contrib.rb
17 - sinatra-contrib/spec/cookies_spec.rb
17 - sinatra-contrib/lib/sinatra/config_file.rb
16 - sinatra-contrib/spec/content_for_spec.rb
15 - sinatra-contrib/lib/sinatra/capture.rb
15 - sinatra-contrib/spec/respond_with_spec.rb
14 - sinatra-contrib/lib/sinatra/cookies.rb
13 - sinatra-contrib/lib/sinatra/streaming.rb
12 - sinatra-contrib/spec/capture_spec.rb
12 - sinatra-contrib/lib/sinatra/runner.rb
11 - sinatra-contrib/spec/config_file_spec.rb
10 - sinatra-contrib/lib/sinatra/json.rb
10 - sinatra-contrib/spec/json_spec.rb
9 - sinatra-contrib/spec/streaming_spec.rb
9 - sinatra-contrib/lib/sinatra/decompile.rb
7 - sinatra-contrib/lib/sinatra/contrib/setup.rb
7 - lib/sinatra/indifferent_hash.rb
7 - sinatra-contrib/lib/sinatra/engine_tracking.rb
7 - sinatra-contrib/lib/sinatra/test_helpers.rb
6 - sinatra-contrib/lib/sinatra/extension.rb
6 - sinatra-contrib/spec/multi_route_spec.rb
5 - sinatra-contrib/spec/spec_helper.rb
4 - sinatra-contrib/spec/link_header_spec.rb
4 - sinatra-contrib/lib/sinatra/link_header.rb
4 - sinatra-contrib/lib/sinatra/required_params.rb
4 - sinatra-contrib/spec/extension_spec.rb
3 - sinatra-contrib/spec/required_params_spec.rb
3 - sinatra-contrib/spec/custom_logger_spec.rb
2 - sinatra-contrib/lib/sinatra/multi_route.rb
1 - sinatra-contrib/spec/okjson.rb
1 - sinatra-contrib/lib/sinatra/contrib/all.rb
1 - sinatra-contrib/lib/sinatra/webdav.rb
1 - sinatra-contrib/lib/sinatra/custom_logger.rb