175 - javaparser-symbol-solver-core/src/main/java/com/github/javaparser/symbolsolver/javaparsermodel/JavaParserFacade.java
143 - javaparser-core/src/main/java/com/github/javaparser/ast/Node.java
131 - javaparser-symbol-solver-core/src/main/java/com/github/javaparser/symbolsolver/javaparsermodel/declarations/JavaParserClassDeclaration.java
128 - javaparser-core/src/main/java/com/github/javaparser/ast/body/MethodDeclaration.java
124 - javaparser-symbol-solver-core/src/main/java/com/github/javaparser/symbolsolver/reflectionmodel/ReflectionClassDeclaration.java
122 - javaparser-core/src/main/java/com/github/javaparser/ast/CompilationUnit.java
122 - javaparser-symbol-solver-core/src/main/java/com/github/javaparser/symbolsolver/javassistmodel/JavassistClassDeclaration.java
121 - javaparser-symbol-solver-core/src/main/java/com/github/javaparser/symbolsolver/javaparsermodel/contexts/MethodCallExprContext.java
118 - javaparser-core/src/main/java/com/github/javaparser/printer/ConcreteSyntaxModel.java
118 - javaparser-core/src/main/java/com/github/javaparser/ast/body/FieldDeclaration.java
118 - javaparser-symbol-solver-core/src/main/java/com/github/javaparser/symbolsolver/reflectionmodel/ReflectionInterfaceDeclaration.java
116 - javaparser-core/src/main/java/com/github/javaparser/ast/body/ConstructorDeclaration.java
111 - javaparser-core/src/main/java/com/github/javaparser/ast/visitor/ModifierVisitor.java
106 - javaparser-core/src/main/java/com/github/javaparser/printer/PrettyPrintVisitor.java
106 - javaparser-symbol-solver-core/src/main/java/com/github/javaparser/symbolsolver/javaparsermodel/declarations/JavaParserEnumDeclaration.java
105 - javaparser-symbol-solver-core/src/main/java/com/github/javaparser/symbolsolver/javaparsermodel/declarations/JavaParserInterfaceDeclaration.java
104 - javaparser-core/src/main/java/com/github/javaparser/ast/body/TypeDeclaration.java
102 - javaparser-core/src/main/java/com/github/javaparser/printer/lexicalpreservation/LexicalPreservingPrinter.java
100 - javaparser-core/src/main/java/com/github/javaparser/ast/visitor/VoidVisitorAdapter.java
98 - javaparser-core/src/main/java/com/github/javaparser/ast/visitor/CloneVisitor.java
95 - javaparser-symbol-solver-core/src/main/java/com/github/javaparser/symbolsolver/resolution/MethodResolutionLogic.java
93 - javaparser-symbol-solver-core/src/main/java/com/github/javaparser/symbolsolver/javaparsermodel/declarations/JavaParserMethodDeclaration.java
91 - javaparser-core/src/main/java/com/github/javaparser/ast/body/ClassOrInterfaceDeclaration.java
90 - javaparser-core/src/main/java/com/github/javaparser/metamodel/JavaParserMetaModel.java
90 - javaparser-core/src/main/java/com/github/javaparser/ast/visitor/GenericVisitorAdapter.java
89 - javaparser-core/src/main/java/com/github/javaparser/ast/body/EnumDeclaration.java
89 - javaparser-core/src/main/java/com/github/javaparser/ast/visitor/NoCommentEqualsVisitor.java
88 - javaparser-core/src/main/java/com/github/javaparser/ast/visitor/EqualsVisitor.java
87 - javaparser-core/src/main/java/com/github/javaparser/printer/lexicalpreservation/Difference.java
87 - javaparser-core/src/main/java/com/github/javaparser/ast/body/AnnotationMemberDeclaration.java
87 - javaparser-core/src/main/java/com/github/javaparser/ast/body/Parameter.java
87 - javaparser-core/src/main/java/com/github/javaparser/ast/body/VariableDeclarator.java
87 - javaparser-core/src/main/java/com/github/javaparser/ast/type/ClassOrInterfaceType.java
86 - javaparser-core/src/main/java/com/github/javaparser/ast/expr/VariableDeclarationExpr.java
84 - javaparser-core/src/main/java/com/github/javaparser/ast/expr/ObjectCreationExpr.java
83 - javaparser-core/src/main/java/com/github/javaparser/JavaParser.java
83 - javaparser-core/src/main/java/com/github/javaparser/ast/expr/MethodCallExpr.java
82 - javaparser-core/src/main/java/com/github/javaparser/ast/body/EnumConstantDeclaration.java
81 - javaparser-core/src/main/java/com/github/javaparser/ast/expr/FieldAccessExpr.java
81 - javaparser-core/src/main/java/com/github/javaparser/ast/type/TypeParameter.java
79 - javaparser-core/src/main/java/com/github/javaparser/ast/expr/ArrayCreationExpr.java
76 - javaparser-core/src/main/java/com/github/javaparser/ast/stmt/ExplicitConstructorInvocationStmt.java
73 - javaparser-core/src/main/java/com/github/javaparser/ast/stmt/TryStmt.java
73 - javaparser-core/src/main/java/com/github/javaparser/ast/type/Type.java
73 - javaparser-core/src/main/java/com/github/javaparser/ast/type/WildcardType.java
72 - javaparser-symbol-solver-core/src/main/java/com/github/javaparser/symbolsolver/javaparsermodel/contexts/ClassOrInterfaceDeclarationContext.java
71 - javaparser-symbol-solver-core/src/main/java/com/github/javaparser/symbolsolver/reflectionmodel/ReflectionMethodDeclaration.java
70 - javaparser-core/src/main/java/com/github/javaparser/ast/stmt/ForStmt.java
70 - javaparser-core/src/main/java/com/github/javaparser/ast/body/BodyDeclaration.java
69 - javaparser-symbol-solver-core/src/main/java/com/github/javaparser/symbolsolver/javaparsermodel/contexts/CompilationUnitContext.java
68 - javaparser-core/src/main/java/com/github/javaparser/ast/expr/NormalAnnotationExpr.java
68 - javaparser-core/src/main/java/com/github/javaparser/ast/expr/MethodReferenceExpr.java
67 - javaparser-core/src/main/java/com/github/javaparser/ast/body/InitializerDeclaration.java
67 - javaparser-core/src/main/java/com/github/javaparser/ast/type/PrimitiveType.java
66 - javaparser-core/src/main/java/com/github/javaparser/ast/stmt/SwitchEntryStmt.java
66 - javaparser-core/src/main/java/com/github/javaparser/ast/expr/LambdaExpr.java
64 - javaparser-symbol-solver-core/src/main/java/com/github/javaparser/symbolsolver/javassistmodel/JavassistMethodDeclaration.java
64 - javaparser-core/src/main/java/com/github/javaparser/ast/stmt/IfStmt.java
64 - javaparser-core/src/main/java/com/github/javaparser/ast/type/ReferenceType.java
63 - javaparser-symbol-solver-core/src/main/java/com/github/javaparser/symbolsolver/javaparsermodel/contexts/LambdaExprContext.java
63 - javaparser-core/src/main/java/com/github/javaparser/ast/stmt/BlockStmt.java
63 - javaparser-core/src/main/java/com/github/javaparser/ast/stmt/CatchClause.java
63 - javaparser-core/src/main/java/com/github/javaparser/ast/stmt/SwitchStmt.java
62 - javaparser-core/src/main/java/com/github/javaparser/ast/expr/NameExpr.java
62 - javaparser-core/src/main/java/com/github/javaparser/ast/expr/BinaryExpr.java
62 - javaparser-core/src/main/java/com/github/javaparser/ast/expr/AssignExpr.java
61 - javaparser-core/src/main/java/com/github/javaparser/ast/expr/UnaryExpr.java
61 - javaparser-symbol-solver-core/src/main/java/com/github/javaparser/symbolsolver/javaparsermodel/declarations/JavaParserTypeParameter.java
61 - javaparser-core/src/main/java/com/github/javaparser/ast/type/UnionType.java
60 - javaparser-core/src/main/java/com/github/javaparser/ast/type/IntersectionType.java
59 - javaparser-core/src/main/java/com/github/javaparser/ast/type/ArrayType.java
58 - javaparser-core/src/main/java/com/github/javaparser/ast/stmt/ReturnStmt.java
58 - javaparser-core/src/main/java/com/github/javaparser/ast/stmt/LocalClassDeclarationStmt.java
57 - javaparser-core/src/main/java/com/github/javaparser/ast/expr/EnclosedExpr.java
57 - javaparser-core/src/main/java/com/github/javaparser/ast/expr/InstanceOfExpr.java
57 - javaparser-core/src/main/java/com/github/javaparser/ast/PackageDeclaration.java
57 - javaparser-core/src/main/java/com/github/javaparser/ast/expr/ArrayInitializerExpr.java
57 - javaparser-core/src/main/java/com/github/javaparser/ast/expr/StringLiteralExpr.java
57 - javaparser-core/src/main/java/com/github/javaparser/ast/expr/ClassExpr.java
56 - javaparser-core/src/main/java/com/github/javaparser/ast/comments/Comment.java
56 - javaparser-core/src/main/java/com/github/javaparser/ast/expr/ThisExpr.java
56 - javaparser-core/src/main/java/com/github/javaparser/ast/stmt/SynchronizedStmt.java
56 - javaparser-core/src/main/java/com/github/javaparser/ast/expr/CastExpr.java
56 - javaparser-core/src/main/java/com/github/javaparser/ast/stmt/AssertStmt.java
56 - javaparser-core/src/main/java/com/github/javaparser/ast/expr/SingleMemberAnnotationExpr.java
55 - javaparser-core/src/main/java/com/github/javaparser/ast/stmt/WhileStmt.java
55 - javaparser-core/src/main/java/com/github/javaparser/ast/stmt/ForeachStmt.java
55 - javaparser-core/src/main/java/com/github/javaparser/ast/stmt/DoStmt.java
55 - javaparser-core/src/main/java/com/github/javaparser/ast/type/UnknownType.java
55 - javaparser-core/src/main/java/com/github/javaparser/ast/expr/SuperExpr.java
55 - javaparser-core/src/main/java/com/github/javaparser/ast/body/AnnotationDeclaration.java
54 - javaparser-core/src/main/java/com/github/javaparser/ast/stmt/LabeledStmt.java
54 - javaparser-core/src/main/java/com/github/javaparser/ast/stmt/ContinueStmt.java
54 - javaparser-core/src/main/java/com/github/javaparser/ast/expr/TypeExpr.java
54 - javaparser-symbol-solver-core/src/main/java/com/github/javaparser/symbolsolver/resolution/SymbolSolver.java
54 - javaparser-symbol-solver-core/src/main/java/com/github/javaparser/symbolsolver/javaparsermodel/declarations/JavaParserSymbolDeclaration.java
54 - javaparser-core/src/main/java/com/github/javaparser/ast/stmt/BreakStmt.java
54 - javaparser-symbol-solver-core/src/main/java/com/github/javaparser/symbolsolver/javaparsermodel/declarations/JavaParserTypeVariableDeclaration.java
53 - javaparser-core/src/main/java/com/github/javaparser/ast/stmt/ExpressionStmt.java
53 - javaparser-core-metamodel-generator/src/main/java/com/github/javaparser/generator/metamodel/MetaModelGenerator.java
53 - javaparser-symbol-solver-core/src/main/java/com/github/javaparser/symbolsolver/core/resolution/Context.java
53 - javaparser-core/src/main/java/com/github/javaparser/ast/stmt/ThrowStmt.java
53 - javaparser-core/src/main/java/com/github/javaparser/ast/expr/MemberValuePair.java
52 - javaparser-core/src/main/java/com/github/javaparser/ast/expr/AnnotationExpr.java
52 - javaparser-core/src/main/java/com/github/javaparser/ast/type/VarType.java
51 - javaparser-core/src/main/java/com/github/javaparser/ast/observer/ObservableProperty.java
51 - javaparser-symbol-solver-core/src/main/java/com/github/javaparser/symbolsolver/javaparsermodel/contexts/AbstractJavaParserContext.java
51 - javaparser-core/src/main/java/com/github/javaparser/ast/expr/ConditionalExpr.java
51 - javaparser-core/src/main/java/com/github/javaparser/ast/visitor/VoidVisitor.java
50 - javaparser-symbol-solver-core/src/main/java/com/github/javaparser/symbolsolver/javaparsermodel/declarations/JavaParserFieldDeclaration.java
50 - javaparser-symbol-solver-core/src/main/java/com/github/javaparser/symbolsolver/javaparsermodel/contexts/StatementContext.java
50 - javaparser-core/src/main/java/com/github/javaparser/ast/expr/ArrayAccessExpr.java
50 - javaparser-symbol-solver-core/src/main/java/com/github/javaparser/symbolsolver/resolution/typesolvers/JavaParserTypeSolver.java
50 - javaparser-core/src/main/java/com/github/javaparser/ast/expr/Name.java
50 - javaparser-core/src/main/java/com/github/javaparser/ast/type/VoidType.java
49 - javaparser-core/src/main/java/com/github/javaparser/ast/expr/MarkerAnnotationExpr.java
49 - javaparser-symbol-solver-core/src/main/java/com/github/javaparser/symbolsolver/javassistmodel/JavassistInterfaceDeclaration.java
48 - javaparser-symbol-solver-core/src/main/java/com/github/javaparser/symbolsolver/javaparsermodel/JavaParserFactory.java
48 - javaparser-core/src/main/java/com/github/javaparser/ast/expr/CharLiteralExpr.java
47 - javaparser-core/src/main/java/com/github/javaparser/ast/visitor/GenericVisitor.java
47 - javaparser-symbol-solver-core/src/main/java/com/github/javaparser/symbolsolver/javaparser/Navigator.java
47 - javaparser-core/src/main/java/com/github/javaparser/ast/expr/IntegerLiteralExpr.java
47 - javaparser-core/src/main/java/com/github/javaparser/ast/expr/BooleanLiteralExpr.java
46 - javaparser-core/src/main/java/com/github/javaparser/ast/ImportDeclaration.java
46 - javaparser-core/src/main/java/com/github/javaparser/ast/expr/LongLiteralExpr.java
45 - javaparser-core/src/main/java/com/github/javaparser/utils/Utils.java
45 - javaparser-core/src/main/java/com/github/javaparser/ast/NodeList.java
45 - javaparser-symbol-solver-core/src/main/java/com/github/javaparser/symbolsolver/javaparsermodel/contexts/FieldAccessContext.java
44 - javaparser-core/src/main/java/com/github/javaparser/ast/expr/DoubleLiteralExpr.java
43 - javaparser-core/src/main/java/com/github/javaparser/ast/body/CallableDeclaration.java
43 - javaparser-core/src/main/java/com/github/javaparser/printer/lexicalpreservation/LexicalDifferenceCalculator.java
43 - javaparser-core/src/main/java/com/github/javaparser/ast/comments/JavadocComment.java
43 - javaparser-core/src/main/java/com/github/javaparser/ast/expr/LiteralStringValueExpr.java
42 - javaparser-symbol-solver-model/src/main/java/com/github/javaparser/symbolsolver/model/typesystem/NullType.java
42 - javaparser-core/src/main/java/com/github/javaparser/ast/nodeTypes/NodeWithMembers.java
42 - javaparser-symbol-solver-core/src/main/java/com/github/javaparser/symbolsolver/reflectionmodel/ReflectionFactory.java
42 - javaparser-core/src/main/java/com/github/javaparser/utils/SourceRoot.java
41 - javaparser-core/src/main/java/com/github/javaparser/ast/comments/LineComment.java
41 - javaparser-symbol-solver-core/src/main/java/com/github/javaparser/symbolsolver/javaparsermodel/LambdaArgumentTypePlaceholder.java
40 - javaparser-core/src/main/java/com/github/javaparser/ast/ArrayCreationLevel.java
40 - javaparser-core-generators/src/main/java/com/github/javaparser/generator/core/CoreGenerator.java
39 - javaparser-symbol-solver-core/src/main/java/com/github/javaparser/symbolsolver/javaparsermodel/contexts/VariableDeclarationExprContext.java
39 - javaparser-core/src/main/java/com/github/javaparser/ast/expr/NullLiteralExpr.java
39 - javaparser-symbol-solver-core/src/main/java/com/github/javaparser/symbolsolver/SourceFileInfoExtractor.java
38 - javaparser-core/src/main/java/com/github/javaparser/utils/PositionUtils.java
38 - javaparser-symbol-solver-core/src/main/java/com/github/javaparser/symbolsolver/javaparsermodel/contexts/VariableDeclaratorContext.java
38 - javaparser-core/src/main/java/com/github/javaparser/ast/expr/Expression.java
38 - javaparser-core/src/main/java/com/github/javaparser/ast/stmt/EmptyStmt.java
38 - javaparser-symbol-solver-core/src/main/java/com/github/javaparser/symbolsolver/reflectionmodel/ReflectionTypeParameter.java
38 - javaparser-core/src/main/java/com/github/javaparser/ast/comments/BlockComment.java
38 - javaparser-symbol-solver-core/src/main/java/com/github/javaparser/symbolsolver/javaparsermodel/contexts/MethodContext.java
37 - javaparser-core/src/main/java/com/github/javaparser/ast/expr/LiteralExpr.java
37 - javaparser-core/src/main/java/com/github/javaparser/ast/expr/SimpleName.java
37 - javaparser-symbol-solver-core/src/main/java/com/github/javaparser/symbolsolver/javaparsermodel/contexts/ConstructorContext.java
37 - javaparser-core/src/main/java/com/github/javaparser/metamodel/UnaryExprMetaModel.java
37 - javaparser-core/src/main/java/com/github/javaparser/ast/stmt/Statement.java
36 - javaparser-core/src/main/java/com/github/javaparser/printer/lexicalpreservation/NodeText.java
36 - javaparser-core-generators/src/main/java/com/github/javaparser/generator/VisitorGenerator.java
36 - javaparser-symbol-solver-core/src/main/java/com/github/javaparser/symbolsolver/model/typesystem/ReferenceTypeImpl.java
35 - javaparser-symbol-solver-core/src/main/java/com/github/javaparser/symbolsolver/javaparsermodel/declarations/JavaParserParameterDeclaration.java
34 - javaparser-core/src/main/java/com/github/javaparser/ast/validator/Java1_0Validator.java
34 - javaparser-core/src/main/java/com/github/javaparser/ast/visitor/HashCodeVisitor.java
33 - javaparser-symbol-solver-core/src/main/java/com/github/javaparser/symbolsolver/reflectionmodel/ReflectionMethodResolutionLogic.java
31 - javaparser-core/src/main/java/com/github/javaparser/printer/lexicalpreservation/TokenTextElement.java
31 - javaparser-symbol-solver-core/src/main/java/com/github/javaparser/symbolsolver/javaparsermodel/contexts/SwitchEntryContext.java
31 - javaparser-symbol-solver-core/src/main/java/com/github/javaparser/symbolsolver/javaparsermodel/contexts/TryWithResourceContext.java
31 - javaparser-symbol-solver-core/src/main/java/com/github/javaparser/symbolsolver/javaparsermodel/contexts/EnumDeclarationContext.java
31 - javaparser-core/src/main/java/com/github/javaparser/ast/nodeTypes/NodeWithJavadoc.java
30 - javaparser-symbol-solver-core/src/main/java/com/github/javaparser/symbolsolver/javaparsermodel/contexts/ForStatementContext.java
30 - javaparser-symbol-solver-core/src/main/java/com/github/javaparser/symbolsolver/javassistmodel/JavassistFieldDeclaration.java
30 - javaparser-core/src/main/java/com/github/javaparser/metamodel/PropertyMetaModel.java
30 - javaparser-symbol-solver-core/src/main/java/com/github/javaparser/symbolsolver/reflectionmodel/ReflectionParameterDeclaration.java
29 - javaparser-symbol-solver-core/src/main/java/com/github/javaparser/symbolsolver/javassistmodel/JavassistEnumDeclaration.java
29 - javaparser-symbol-solver-core/src/main/java/com/github/javaparser/symbolsolver/javaparsermodel/declarations/JavaParserEnumConstantDeclaration.java
29 - javaparser-symbol-solver-core/src/main/java/com/github/javaparser/symbolsolver/javassistmodel/JavassistTypeParameter.java
29 - javaparser-core/src/main/java/com/github/javaparser/printer/PrettyPrinterConfiguration.java
29 - javaparser-symbol-solver-core/src/main/java/com/github/javaparser/symbolsolver/reflectionmodel/ReflectionFieldDeclaration.java
29 - javaparser-core/src/main/java/com/github/javaparser/ast/nodeTypes/NodeWithAnnotations.java
28 - javaparser-symbol-solver-core/src/main/java/com/github/javaparser/symbolsolver/javaparsermodel/TypeExtractor.java
28 - javaparser-symbol-solver-core/src/main/java/com/github/javaparser/symbolsolver/javassistmodel/JavassistFactory.java
28 - javaparser-core/src/main/java/com/github/javaparser/metamodel/BaseNodeMetaModel.java
27 - javaparser-core/src/main/java/com/github/javaparser/ast/visitor/GenericListVisitorAdapter.java
27 - javaparser-symbol-solver-core/src/main/java/com/github/javaparser/symbolsolver/resolution/typesolvers/JarTypeSolver.java
27 - javaparser-symbol-solver-core/src/main/java/com/github/javaparser/symbolsolver/javassistmodel/JavassistParameterDeclaration.java
27 - javaparser-core/src/main/java/com/github/javaparser/JavadocParser.java
27 - javaparser-symbol-solver-core/src/main/java/com/github/javaparser/symbolsolver/javaparsermodel/contexts/JavaParserTypeDeclarationAdapter.java
27 - javaparser-symbol-solver-core/src/main/java/com/github/javaparser/symbolsolver/resolution/typesolvers/ReflectionTypeSolver.java
27 - javaparser-symbol-solver-core/src/main/java/com/github/javaparser/symbolsolver/resolution/typesolvers/ClassLoaderTypeSolver.java
26 - javaparser-core/src/main/java/com/github/javaparser/CommentsInserter.java
26 - javaparser-symbol-solver-logic/src/main/java/com/github/javaparser/symbolsolver/logic/AbstractClassDeclaration.java
26 - javaparser-symbol-solver-model/src/main/java/com/github/javaparser/symbolsolver/model/resolution/Value.java
26 - javaparser-core/src/main/java/com/github/javaparser/ast/modules/ModuleExportsStmt.java
25 - javaparser-core/src/main/java/com/github/javaparser/ast/modules/ModuleProvidesStmt.java
25 - javaparser-symbol-solver-model/src/main/java/com/github/javaparser/symbolsolver/model/resolution/SymbolReference.java
25 - javaparser-core/src/main/java/com/github/javaparser/JavaToken.java
25 - javaparser-symbol-solver-core/src/main/java/com/github/javaparser/symbolsolver/javaparsermodel/contexts/ForechStatementContext.java
25 - javaparser-core/src/main/java/com/github/javaparser/printer/lexicalpreservation/ChildTextElement.java
24 - javaparser-core/src/main/java/com/github/javaparser/ast/modules/ModuleRequiresStmt.java
24 - javaparser-core/src/main/java/com/github/javaparser/ast/modules/ModuleUsesStmt.java
24 - javaparser-symbol-solver-core/src/main/java/com/github/javaparser/symbolsolver/reflectionmodel/ReflectionEnumDeclaration.java
24 - javaparser-core/src/main/java/com/github/javaparser/ParseStart.java
24 - javaparser-core/src/main/java/com/github/javaparser/ast/modules/ModuleOpensStmt.java
23 - javaparser-core/src/main/java/com/github/javaparser/ast/visitor/TreeVisitor.java
23 - javaparser-core/src/main/java/com/github/javaparser/ast/nodeTypes/NodeWithVariables.java
23 - javaparser-core/src/main/java/com/github/javaparser/ParserConfiguration.java
22 - javaparser-core/src/main/java/com/github/javaparser/printer/concretesyntaxmodel/CsmElement.java
22 - javaparser-core/src/main/java/com/github/javaparser/ast/nodeTypes/NodeWithType.java
22 - javaparser-core/src/main/java/com/github/javaparser/ast/validator/chunks/ModifierValidator.java
22 - javaparser-symbol-solver-core/src/main/java/com/github/javaparser/symbolsolver/javassistmodel/JavassistUtils.java
21 - javaparser-core/src/main/java/com/github/javaparser/ast/nodeTypes/NodeWithThrownExceptions.java
21 - javaparser-core/src/main/java/com/github/javaparser/metamodel/IfStmtMetaModel.java
21 - javaparser-symbol-solver-model/src/main/java/com/github/javaparser/symbolsolver/model/resolution/TypeSolver.java
21 - javaparser-core/src/main/java/com/github/javaparser/Position.java
21 - javaparser-core/src/main/java/com/github/javaparser/metamodel/MethodDeclarationMetaModel.java
21 - javaparser-core/src/main/java/com/github/javaparser/ast/modules/ModuleDeclaration.java
21 - javaparser-symbol-solver-logic/src/main/java/com/github/javaparser/symbolsolver/logic/AbstractTypeDeclaration.java
20 - javaparser-core-generators/src/main/java/com/github/javaparser/generator/core/node/PropertyGenerator.java
20 - javaparser-core/src/main/java/com/github/javaparser/utils/CodeGenerationUtils.java
20 - javaparser-symbol-solver-core/src/main/java/com/github/javaparser/symbolsolver/JavaSymbolSolver.java
20 - javaparser-core/src/main/java/com/github/javaparser/metamodel/CompilationUnitMetaModel.java
20 - javaparser-core/src/main/java/com/github/javaparser/javadoc/description/JavadocInlineTag.java
20 - javaparser-symbol-solver-core/src/main/java/com/github/javaparser/symbolsolver/resolution/typesolvers/CombinedTypeSolver.java
19 - javaparser-symbol-solver-logic/src/main/java/com/github/javaparser/symbolsolver/logic/InferenceContext.java
19 - javaparser-core/src/main/java/com/github/javaparser/ast/nodeTypes/NodeWithSimpleName.java
19 - javaparser-core/src/main/java/com/github/javaparser/printer/lexicalpreservation/TextElement.java
19 - javaparser-core/src/main/java/com/github/javaparser/ast/modules/ModuleStmt.java
19 - javaparser-core/src/main/java/com/github/javaparser/ast/comments/CommentsCollection.java
19 - javaparser-core/src/main/java/com/github/javaparser/metamodel/FieldAccessExprMetaModel.java
19 - javaparser-core/src/main/java/com/github/javaparser/javadoc/JavadocBlockTag.java
19 - javaparser-symbol-solver-logic/src/main/java/com/github/javaparser/symbolsolver/logic/FunctionalInterfaceLogic.java
19 - javaparser-core-metamodel-generator/src/main/java/com/github/javaparser/generator/metamodel/NodeMetaModelGenerator.java
18 - javaparser-core/src/main/java/com/github/javaparser/metamodel/ClassOrInterfaceTypeMetaModel.java
18 - javaparser-core/src/main/java/com/github/javaparser/javadoc/Javadoc.java
18 - javaparser-core/src/main/java/com/github/javaparser/metamodel/NameMetaModel.java
18 - javaparser-symbol-solver-core/src/main/java/com/github/javaparser/symbolsolver/resolution/typesolvers/MemoryTypeSolver.java
18 - javaparser-core/src/main/java/com/github/javaparser/metamodel/LambdaExprMetaModel.java
18 - javaparser-core/src/main/java/com/github/javaparser/metamodel/ObjectCreationExprMetaModel.java
18 - javaparser-core/src/main/java/com/github/javaparser/metamodel/WildcardTypeMetaModel.java
18 - javaparser-core/src/main/java/com/github/javaparser/metamodel/ExplicitConstructorInvocationStmtMetaModel.java
18 - javaparser-core/src/main/java/com/github/javaparser/printer/concretesyntaxmodel/CsmToken.java
18 - javaparser-symbol-solver-core/src/main/java/com/github/javaparser/symbolsolver/javaparsermodel/declarators/VariableSymbolDeclarator.java
18 - javaparser-core/src/main/java/com/github/javaparser/ast/nodeTypes/NodeWithParameters.java
18 - javaparser-core/src/main/java/com/github/javaparser/ast/nodeTypes/NodeWithName.java
18 - javaparser-core/src/main/java/com/github/javaparser/metamodel/CommentMetaModel.java
18 - javaparser-core/src/main/java/com/github/javaparser/metamodel/ParameterMetaModel.java
18 - javaparser-symbol-solver-core/src/main/java/com/github/javaparser/symbolsolver/javaparsermodel/contexts/ContextHelper.java
18 - javaparser-core/src/main/java/com/github/javaparser/metamodel/MethodCallExprMetaModel.java
18 - javaparser-core/src/main/java/com/github/javaparser/metamodel/MethodReferenceExprMetaModel.java
17 - javaparser-core-generators/src/main/java/com/github/javaparser/generator/core/visitor/ModifierVisitorGenerator.java
17 - javaparser-core/src/main/java/com/github/javaparser/metamodel/AssertStmtMetaModel.java
17 - javaparser-core/src/main/java/com/github/javaparser/metamodel/VariableDeclarationExprMetaModel.java
17 - javaparser-core/src/main/java/com/github/javaparser/ast/nodeTypes/NodeWithExtends.java
17 - javaparser-core/src/main/java/com/github/javaparser/ast/nodeTypes/NodeWithImplements.java
17 - javaparser-core/src/main/java/com/github/javaparser/metamodel/ForStmtMetaModel.java
17 - javaparser-core/src/main/java/com/github/javaparser/metamodel/ContinueStmtMetaModel.java
17 - javaparser-core/src/main/java/com/github/javaparser/ast/nodeTypes/NodeWithModifiers.java
17 - javaparser-core-generators/src/main/java/com/github/javaparser/generator/NodeGenerator.java
17 - javaparser-core/src/main/java/com/github/javaparser/metamodel/TryStmtMetaModel.java
17 - javaparser-core/src/main/java/com/github/javaparser/metamodel/ClassOrInterfaceDeclarationMetaModel.java
17 - javaparser-core/src/main/java/com/github/javaparser/metamodel/ConstructorDeclarationMetaModel.java
17 - javaparser-core/src/main/java/com/github/javaparser/metamodel/BreakStmtMetaModel.java
17 - javaparser-core/src/main/java/com/github/javaparser/metamodel/ArrayCreationLevelMetaModel.java
17 - javaparser-core/src/main/java/com/github/javaparser/metamodel/ArrayTypeMetaModel.java
17 - javaparser-core/src/main/java/com/github/javaparser/metamodel/ArrayCreationExprMetaModel.java
17 - javaparser-core/src/main/java/com/github/javaparser/metamodel/ThisExprMetaModel.java
17 - javaparser-core-generators/src/main/java/com/github/javaparser/generator/core/node/MainConstructorGenerator.java
17 - javaparser-core/src/main/java/com/github/javaparser/metamodel/ReturnStmtMetaModel.java
17 - javaparser-core/src/main/java/com/github/javaparser/metamodel/EnclosedExprMetaModel.java
17 - javaparser-core/src/main/java/com/github/javaparser/metamodel/ImportDeclarationMetaModel.java
17 - javaparser-core/src/main/java/com/github/javaparser/metamodel/FieldDeclarationMetaModel.java
17 - javaparser-core/src/main/java/com/github/javaparser/metamodel/InitializerDeclarationMetaModel.java
17 - javaparser-core/src/main/java/com/github/javaparser/metamodel/TypeParameterMetaModel.java
17 - javaparser-core/src/main/java/com/github/javaparser/metamodel/SwitchEntryStmtMetaModel.java
17 - javaparser-core/src/main/java/com/github/javaparser/metamodel/AnnotationMemberDeclarationMetaModel.java
17 - javaparser-core/src/main/java/com/github/javaparser/printer/SourcePrinter.java
17 - javaparser-core/src/main/java/com/github/javaparser/metamodel/SuperExprMetaModel.java
17 - javaparser-symbol-solver-core/src/main/java/com/github/javaparser/symbolsolver/javaparsermodel/UnsolvedSymbolException.java
17 - javaparser-core/src/main/java/com/github/javaparser/metamodel/VariableDeclaratorMetaModel.java
16 - javaparser-core/src/main/java/com/github/javaparser/metamodel/TypeDeclarationMetaModel.java
16 - javaparser-core-metamodel-generator/src/main/java/com/github/javaparser/generator/metamodel/InitializePropertyMetaModelsStatementsGenerator.java
16 - javaparser-core/src/main/java/com/github/javaparser/metamodel/EnumConstantDeclarationMetaModel.java
16 - javaparser-core/src/main/java/com/github/javaparser/metamodel/ClassExprMetaModel.java
16 - javaparser-core/src/main/java/com/github/javaparser/metamodel/ArrayAccessExprMetaModel.java
16 - javaparser-core/src/main/java/com/github/javaparser/metamodel/AssignExprMetaModel.java
16 - javaparser-core/src/main/java/com/github/javaparser/metamodel/EnumDeclarationMetaModel.java
16 - javaparser-core/src/main/java/com/github/javaparser/metamodel/BooleanLiteralExprMetaModel.java
16 - javaparser-core/src/main/java/com/github/javaparser/metamodel/BlockStmtMetaModel.java
16 - javaparser-core/src/main/java/com/github/javaparser/metamodel/LocalClassDeclarationStmtMetaModel.java
16 - javaparser-core/src/main/java/com/github/javaparser/metamodel/ConditionalExprMetaModel.java
16 - javaparser-core/src/main/java/com/github/javaparser/metamodel/BinaryExprMetaModel.java
16 - javaparser-core/src/main/java/com/github/javaparser/metamodel/NameExprMetaModel.java
16 - javaparser-core/src/main/java/com/github/javaparser/metamodel/PrimitiveTypeMetaModel.java
16 - javaparser-core/src/main/java/com/github/javaparser/metamodel/ThrowStmtMetaModel.java
16 - javaparser-core/src/main/java/com/github/javaparser/metamodel/ExpressionStmtMetaModel.java
16 - javaparser-core/src/main/java/com/github/javaparser/metamodel/NormalAnnotationExprMetaModel.java
16 - javaparser-core/src/main/java/com/github/javaparser/metamodel/ReferenceTypeMetaModel.java
16 - javaparser-core/src/main/java/com/github/javaparser/metamodel/NodeMetaModel.java
16 - javaparser-core/src/main/java/com/github/javaparser/metamodel/SwitchStmtMetaModel.java
16 - javaparser-core/src/main/java/com/github/javaparser/metamodel/SimpleNameMetaModel.java
16 - javaparser-core/src/main/java/com/github/javaparser/metamodel/LabeledStmtMetaModel.java
16 - javaparser-core/src/main/java/com/github/javaparser/metamodel/WhileStmtMetaModel.java
16 - javaparser-core/src/main/java/com/github/javaparser/metamodel/TypeMetaModel.java
16 - javaparser-core/src/main/java/com/github/javaparser/metamodel/SingleMemberAnnotationExprMetaModel.java
16 - javaparser-core/src/main/java/com/github/javaparser/metamodel/BodyDeclarationMetaModel.java
16 - javaparser-core/src/main/java/com/github/javaparser/metamodel/SynchronizedStmtMetaModel.java
16 - javaparser-core/src/main/java/com/github/javaparser/metamodel/TypeExprMetaModel.java
16 - javaparser-core/src/main/java/com/github/javaparser/metamodel/ForeachStmtMetaModel.java
16 - javaparser-core/src/main/java/com/github/javaparser/metamodel/PackageDeclarationMetaModel.java
16 - javaparser-core/src/main/java/com/github/javaparser/metamodel/CatchClauseMetaModel.java
16 - javaparser-core/src/main/java/com/github/javaparser/metamodel/ArrayInitializerExprMetaModel.java
16 - javaparser-core/src/main/java/com/github/javaparser/metamodel/CastExprMetaModel.java
16 - javaparser-core/src/main/java/com/github/javaparser/metamodel/StringLiteralExprMetaModel.java
16 - javaparser-core/src/main/java/com/github/javaparser/metamodel/UnionTypeMetaModel.java
16 - javaparser-core/src/main/java/com/github/javaparser/metamodel/IntersectionTypeMetaModel.java
16 - javaparser-core/src/main/java/com/github/javaparser/metamodel/DoStmtMetaModel.java
16 - javaparser-core/src/main/java/com/github/javaparser/metamodel/InstanceOfExprMetaModel.java
16 - javaparser-core/src/main/java/com/github/javaparser/metamodel/AnnotationExprMetaModel.java
16 - javaparser-core/src/main/java/com/github/javaparser/metamodel/MemberValuePairMetaModel.java
16 - javaparser-core/src/main/java/com/github/javaparser/javadoc/description/JavadocDescription.java
16 - javaparser-symbol-solver-core/src/main/java/com/github/javaparser/symbolsolver/javaparsermodel/declarations/JavaParserConstructorDeclaration.java
15 - javaparser-core/src/main/java/com/github/javaparser/printer/concretesyntaxmodel/CsmComment.java
15 - javaparser-core/src/main/java/com/github/javaparser/metamodel/IntegerLiteralExprMetaModel.java
15 - javaparser-symbol-solver-core/src/main/java/com/github/javaparser/symbolsolver/javaparsermodel/declarators/ParameterSymbolDeclarator.java
15 - javaparser-core/src/main/java/com/github/javaparser/metamodel/EmptyStmtMetaModel.java
15 - javaparser-core/src/main/java/com/github/javaparser/metamodel/BlockCommentMetaModel.java
15 - javaparser-core/src/main/java/com/github/javaparser/metamodel/AnnotationDeclarationMetaModel.java
15 - javaparser-core/src/main/java/com/github/javaparser/metamodel/MarkerAnnotationExprMetaModel.java
15 - javaparser-core/src/main/java/com/github/javaparser/metamodel/ExpressionMetaModel.java
15 - javaparser-core/src/main/java/com/github/javaparser/ast/nodeTypes/NodeWithStatements.java
15 - javaparser-core/src/main/java/com/github/javaparser/metamodel/LongLiteralExprMetaModel.java
15 - javaparser-core/src/main/java/com/github/javaparser/metamodel/UnknownTypeMetaModel.java
15 - javaparser-core/src/main/java/com/github/javaparser/metamodel/DoubleLiteralExprMetaModel.java
15 - javaparser-core/src/main/java/com/github/javaparser/ast/validator/Java5Validator.java
15 - javaparser-core/src/main/java/com/github/javaparser/metamodel/StatementMetaModel.java
15 - javaparser-core/src/main/java/com/github/javaparser/metamodel/NullLiteralExprMetaModel.java
15 - javaparser-core/src/main/java/com/github/javaparser/metamodel/VoidTypeMetaModel.java
15 - javaparser-core/src/main/java/com/github/javaparser/metamodel/JavadocCommentMetaModel.java
15 - javaparser-core/src/main/java/com/github/javaparser/metamodel/CharLiteralExprMetaModel.java
15 - javaparser-core/src/main/java/com/github/javaparser/metamodel/LiteralExprMetaModel.java
15 - javaparser-core/src/main/java/com/github/javaparser/metamodel/LineCommentMetaModel.java
15 - javaparser-symbol-solver-core/src/main/java/com/github/javaparser/symbolsolver/javaparsermodel/declarations/AstResolutionUtils.java
15 - javaparser-symbol-solver-core/src/main/java/com/github/javaparser/symbolsolver/javaparsermodel/declarations/JavaParserTypeAdapter.java
14 - javaparser-core/src/main/java/com/github/javaparser/ParseResult.java
14 - javaparser-core/src/main/java/com/github/javaparser/Problem.java
14 - javaparser-core/src/main/java/com/github/javaparser/ast/validator/Java7Validator.java
14 - javaparser-symbol-solver-core/src/main/java/com/github/javaparser/symbolsolver/javaparsermodel/declarators/FieldSymbolDeclarator.java
14 - javaparser-symbol-solver-core/src/main/java/com/github/javaparser/symbolsolver/javaparsermodel/declarators/AbstractSymbolDeclarator.java
14 - javaparser-core/src/main/java/com/github/javaparser/ast/nodeTypes/NodeWithDeclaration.java
13 - javaparser-core/src/main/java/com/github/javaparser/printer/concretesyntaxmodel/CsmConditional.java
13 - javaparser-core/src/main/java/com/github/javaparser/ast/nodeTypes/NodeWithTypeArguments.java
13 - javaparser-symbol-solver-core/src/main/java/com/github/javaparser/symbolsolver/javaparsermodel/declarations/DefaultConstructorDeclaration.java
13 - javaparser-symbol-solver-core/src/main/java/com/github/javaparser/symbolsolver/javaparsermodel/declarators/NoSymbolDeclarator.java
12 - javaparser-core/src/main/java/com/github/javaparser/ast/AccessSpecifier.java
12 - javaparser-core/src/main/java/com/github/javaparser/printer/concretesyntaxmodel/CsmAttribute.java
12 - javaparser-core/src/main/java/com/github/javaparser/resolution/types/ResolvedReferenceType.java
12 - javaparser-core-generators/src/main/java/com/github/javaparser/generator/core/visitor/GenericVisitorAdapterGenerator.java
12 - javaparser-core/src/main/java/com/github/javaparser/ast/validator/Java8Validator.java
12 - javaparser-symbol-solver-core/src/main/java/com/github/javaparser/symbolsolver/javassistmodel/JavassistConstructorDeclaration.java
12 - javaparser-symbol-solver-core/src/main/java/com/github/javaparser/symbolsolver/resolution/SymbolDeclarator.java
12 - javaparser-core/src/main/java/com/github/javaparser/ast/validator/Java9Validator.java
12 - javaparser-core/src/main/java/com/github/javaparser/ast/Modifier.java
12 - javaparser-core-generators/src/main/java/com/github/javaparser/generator/core/visitor/GenericVisitorGenerator.java
11 - javaparser-core/src/main/java/com/github/javaparser/ast/nodeTypes/NodeWithOptionalBlockStmt.java
11 - javaparser-symbol-solver-core/src/main/java/com/github/javaparser/symbolsolver/javaparsermodel/declarations/JavaParserAnonymousClassDeclaration.java
11 - javaparser-core/src/main/java/com/github/javaparser/ast/stmt/UnparsableStmt.java
11 - javaparser-core/src/main/java/com/github/javaparser/ast/nodeTypes/NodeWithArguments.java
11 - javaparser-core-generators/src/main/java/com/github/javaparser/generator/Generator.java
11 - javaparser-core-generators/src/main/java/com/github/javaparser/generator/core/visitor/CloneVisitorGenerator.java
11 - javaparser-symbol-solver-core/src/main/java/com/github/javaparser/symbolsolver/javaparsermodel/declarations/JavaParserAnnotationDeclaration.java
10 - javaparser-symbol-solver-core/src/main/java/com/github/javaparser/symbolsolver/reflectionmodel/ReflectionClassAdapter.java
10 - javaparser-symbol-solver-core/src/main/java/com/github/javaparser/symbolsolver/reflectionmodel/ReflectionConstructorDeclaration.java
10 - javaparser-symbol-solver-core/src/main/java/com/github/javaparser/symbolsolver/javassistmodel/JavassistTypeDeclarationAdapter.java
10 - javaparser-core-generators/src/main/java/com/github/javaparser/generator/core/visitor/HashCodeVisitorGenerator.java
10 - javaparser-core/src/main/java/com/github/javaparser/ast/observer/PropagatingAstObserver.java
10 - javaparser-core/src/main/java/com/github/javaparser/printer/lexicalpreservation/PhantomNodeLogic.java
9 - javaparser-core/src/main/java/com/github/javaparser/ast/validator/Java1_1Validator.java
9 - javaparser-core/src/main/java/com/github/javaparser/printer/concretesyntaxmodel/CsmSequence.java
9 - javaparser-core/src/main/java/com/github/javaparser/ast/validator/Java1_2Validator.java
9 - javaparser-symbol-solver-core/src/main/java/com/github/javaparser/symbolsolver/javaparsermodel/contexts/AbstractMethodLikeDeclarationContext.java
9 - javaparser-symbol-solver-core/src/main/java/com/github/javaparser/symbolsolver/core/resolution/ContextHelper.java
9 - javaparser-core/src/main/java/com/github/javaparser/ParseProblemException.java
9 - javaparser-core-generators/src/main/java/com/github/javaparser/generator/core/visitor/VoidVisitorGenerator.java
9 - javaparser-core-generators/src/main/java/com/github/javaparser/generator/core/node/RemoveMethodGenerator.java
9 - javaparser-core/src/main/java/com/github/javaparser/printer/lexicalpreservation/changes/PropertyChange.java
9 - javaparser-core-generators/src/main/java/com/github/javaparser/generator/core/visitor/EqualsVisitorGenerator.java
9 - javaparser-core/src/main/java/com/github/javaparser/TokenRange.java
8 - javaparser-core/src/main/java/com/github/javaparser/printer/lexicalpreservation/TextElementMatchers.java
8 - javaparser-symbol-solver-core/src/main/java/com/github/javaparser/symbolsolver/resolution/typeinference/constraintformulas/ExpressionCompatibleWithType.java
8 - javaparser-core/src/main/java/com/github/javaparser/utils/VisitorMap.java
8 - javaparser-symbol-solver-logic/src/main/java/com/github/javaparser/symbolsolver/logic/InferenceVariableType.java
8 - javaparser-core/src/main/java/com/github/javaparser/ast/nodeTypes/NodeWithTraversableScope.java
8 - javaparser-core-generators/src/main/java/com/github/javaparser/generator/core/visitor/VoidVisitorAdapterGenerator.java
8 - javaparser-core-metamodel-generator/src/main/java/com/github/javaparser/generator/metamodel/InitializeConstructorParametersStatementsGenerator.java
8 - javaparser-core/src/main/java/com/github/javaparser/ast/nodeTypes/NodeWithTypeParameters.java
8 - javaparser-core/src/main/java/com/github/javaparser/Providers.java
8 - javaparser-core/src/main/java/com/github/javaparser/printer/PrettyPrinter.java
8 - javaparser-core/src/main/java/com/github/javaparser/ast/nodeTypes/NodeWithScope.java
8 - javaparser-core/src/main/java/com/github/javaparser/HasParentNode.java
8 - javaparser-core/src/main/java/com/github/javaparser/ast/nodeTypes/NodeWithOptionalScope.java
8 - javaparser-symbol-solver-core/src/main/java/com/github/javaparser/symbolsolver/resolution/typeinference/ControlFlowLogic.java
8 - javaparser-symbol-solver-core/src/main/java/com/github/javaparser/symbolsolver/javaparsermodel/contexts/CatchClauseContext.java
7 - javaparser-core/src/main/java/com/github/javaparser/printer/lexicalpreservation/changes/NoChange.java
7 - javaparser-core/src/main/java/com/github/javaparser/ast/observer/AstObserver.java
7 - javaparser-core-generators/src/main/java/com/github/javaparser/generator/core/node/GetMetaModelGenerator.java
7 - javaparser-symbol-solver-core/src/main/java/com/github/javaparser/symbolsolver/javaparsermodel/DefaultVisitorAdapter.java
7 - javaparser-core/src/main/java/com/github/javaparser/printer/concretesyntaxmodel/CsmList.java
7 - javaparser-core/src/main/java/com/github/javaparser/printer/lexicalpreservation/changes/ListReplacementChange.java
7 - javaparser-symbol-solver-core/src/main/java/com/github/javaparser/symbolsolver/reflectionmodel/MyObjectProvider.java
7 - javaparser-core-generators/src/main/java/com/github/javaparser/generator/core/node/CloneGenerator.java
7 - javaparser-core/src/main/java/com/github/javaparser/metamodel/CallableDeclarationMetaModel.java
7 - javaparser-core/src/main/java/com/github/javaparser/ast/nodeTypes/NodeWithBlockStmt.java
7 - javaparser-core/src/main/java/com/github/javaparser/printer/JsonPrinter.java
7 - javaparser-core/src/main/java/com/github/javaparser/Range.java
6 - javaparser-core/src/main/java/com/github/javaparser/ast/validator/Java1_4Validator.java
6 - javaparser-core/src/main/java/com/github/javaparser/printer/lexicalpreservation/changes/Change.java
6 - javaparser-core/src/main/java/com/github/javaparser/printer/lexicalpreservation/changes/ListAdditionChange.java
6 - javaparser-core/src/main/java/com/github/javaparser/resolution/types/ResolvedUnionType.java
6 - javaparser-core/src/main/java/com/github/javaparser/printer/concretesyntaxmodel/CsmNone.java
6 - javaparser-core/src/main/java/com/github/javaparser/ast/visitor/NoCommentHashCodeVisitor.java
6 - javaparser-core/src/main/java/com/github/javaparser/ast/validator/chunks/CommonValidators.java
6 - javaparser-core/src/main/java/com/github/javaparser/ast/visitor/ObjectIdentityEqualsVisitor.java
6 - javaparser-core/src/main/java/com/github/javaparser/ast/nodeTypes/NodeWithBody.java
6 - javaparser-core/src/main/java/com/github/javaparser/printer/concretesyntaxmodel/CsmChar.java
6 - javaparser-core/src/main/java/com/github/javaparser/printer/lexicalpreservation/RemovedGroup.java
6 - javaparser-core/src/main/java/com/github/javaparser/printer/concretesyntaxmodel/PrintingHelper.java
6 - javaparser-core/src/main/java/com/github/javaparser/ast/observer/AstObserverAdapter.java
6 - javaparser-core/src/main/java/com/github/javaparser/ast/observer/Observable.java
6 - javaparser-core/src/main/java/com/github/javaparser/utils/SourceZip.java
6 - javaparser-core/src/main/java/com/github/javaparser/printer/concretesyntaxmodel/CsmMix.java
6 - javaparser-core/src/main/java/com/github/javaparser/printer/concretesyntaxmodel/CsmSingleReference.java
6 - javaparser-core/src/main/java/com/github/javaparser/printer/concretesyntaxmodel/CsmString.java
6 - javaparser-symbol-solver-core/src/main/java/com/github/javaparser/symbolsolver/resolution/ConstructorResolutionLogic.java
6 - javaparser-symbol-solver-core/src/main/java/com/github/javaparser/symbolsolver/resolution/typeinference/InferenceVariable.java
6 - javaparser-core/src/main/java/com/github/javaparser/TokenTypes.java
6 - javaparser-core/src/main/java/com/github/javaparser/javadoc/description/JavadocDescriptionElement.java
6 - javaparser-core/src/main/java/com/github/javaparser/ast/visitor/ObjectIdentityHashCodeVisitor.java
6 - javaparser-core/src/main/java/com/github/javaparser/printer/lexicalpreservation/changes/ListRemovalChange.java
5 - javaparser-core/src/main/java/com/github/javaparser/resolution/declarations/ResolvedTypeDeclaration.java
5 - javaparser-core/src/main/java/com/github/javaparser/printer/DotPrinter.java
5 - javaparser-core/src/main/java/com/github/javaparser/ast/validator/NoProblemsValidator.java
5 - javaparser-core-generators/src/main/java/com/github/javaparser/generator/core/node/TypeCastingGenerator.java
5 - javaparser-core/src/main/java/com/github/javaparser/ast/body/ReceiverParameter.java
5 - javaparser-core/src/main/java/com/github/javaparser/ast/validator/Java1_3Validator.java
5 - javaparser-core/src/main/java/com/github/javaparser/ast/DataKey.java
5 - javaparser-symbol-solver-logic/src/main/java/com/github/javaparser/symbolsolver/logic/ObjectProvider.java
5 - javaparser-symbol-solver-core/src/main/java/com/github/javaparser/symbolsolver/javassistmodel/JavassistEnumConstantDeclaration.java
5 - javaparser-core/src/main/java/com/github/javaparser/metamodel/DerivedProperty.java
5 - javaparser-core/src/main/java/com/github/javaparser/resolution/UnsolvedSymbolException.java
5 - javaparser-core/src/main/java/com/github/javaparser/resolution/declarations/ResolvedEnumDeclaration.java
5 - javaparser-core/src/main/java/com/github/javaparser/resolution/declarations/ResolvedDeclaration.java
5 - javaparser-core/src/main/java/com/github/javaparser/resolution/declarations/ResolvedEnumConstantDeclaration.java
5 - javaparser-core/src/main/java/com/github/javaparser/ast/nodeTypes/NodeWithIdentifier.java
5 - javaparser-core/src/main/java/com/github/javaparser/resolution/types/ResolvedPrimitiveType.java
5 - javaparser-symbol-solver-core/src/main/java/com/github/javaparser/symbolsolver/javaparser/package-info.java
5 - javaparser-core/src/main/java/com/github/javaparser/utils/ProjectRoot.java
5 - javaparser-core/src/main/java/com/github/javaparser/javadoc/description/JavadocSnippet.java
5 - javaparser-core/src/main/java/com/github/javaparser/utils/ClassUtils.java
5 - javaparser-core/src/main/java/com/github/javaparser/ast/validator/Java6Validator.java
5 - javaparser-core/src/main/java/com/github/javaparser/printer/lexicalpreservation/TextElementMatcher.java
5 - javaparser-symbol-solver-core/src/main/java/com/github/javaparser/symbolsolver/reflectionmodel/package-info.java
5 - javaparser-core/src/main/java/com/github/javaparser/printer/concretesyntaxmodel/CsmUnindent.java
5 - javaparser-core/src/main/java/com/github/javaparser/printer/concretesyntaxmodel/CsmIndent.java
5 - javaparser-symbol-solver-core/src/main/java/com/github/javaparser/symbolsolver/resolution/typeinference/MethodType.java
4 - javaparser-core/src/main/java/com/github/javaparser/printer/YamlPrinter.java
4 - javaparser-symbol-solver-core/src/main/java/com/github/javaparser/symbolsolver/resolution/naming/NameLogic.java
4 - javaparser-core/src/main/java/com/github/javaparser/printer/Printable.java
4 - javaparser-symbol-solver-core/src/main/java/com/github/javaparser/symbolsolver/resolution/typeinference/TypeHelper.java
4 - javaparser-symbol-solver-core/src/main/java/com/github/javaparser/symbolsolver/resolution/typeinference/TypeInference.java
4 - javaparser-symbol-solver-core/src/main/java/com/github/javaparser/symbolsolver/resolution/typeinference/Bound.java
4 - javaparser-symbol-solver-core/src/main/java/com/github/javaparser/symbolsolver/javaparsermodel/contexts/AnonymousClassDeclarationContext.java
4 - javaparser-core/src/main/java/com/github/javaparser/utils/Pair.java
4 - javaparser-core/src/main/java/com/github/javaparser/resolution/SymbolResolver.java
4 - javaparser-core/src/main/java/com/github/javaparser/metamodel/OptionalProperty.java
4 - javaparser-symbol-solver-core/src/main/java/com/github/javaparser/symbolsolver/javaparsermodel/package-info.java
4 - javaparser-symbol-solver-core/src/main/java/com/github/javaparser/symbolsolver/resolution/typeinference/TypeInferenceCache.java
4 - javaparser-symbol-solver-core/src/main/java/com/github/javaparser/symbolsolver/resolution/typeinference/ConstraintFormula.java
4 - javaparser-core/src/main/java/com/github/javaparser/printer/lexicalpreservation/TextElementIteratorsFactory.java
4 - javaparser-core/src/main/java/com/github/javaparser/resolution/declarations/ResolvedMethodLikeDeclaration.java
4 - javaparser-core/src/main/java/com/github/javaparser/resolution/declarations/ResolvedReferenceTypeDeclaration.java
4 - javaparser-core/src/main/java/com/github/javaparser/ast/validator/Java10Validator.java
4 - javaparser-symbol-solver-core/src/main/java/com/github/javaparser/symbolsolver/model/typesystem/LazyType.java
4 - javaparser-core/src/main/java/com/github/javaparser/ast/validator/SingleNodeTypeValidator.java
4 - javaparser-symbol-solver-core/src/main/java/com/github/javaparser/symbolsolver/resolution/typeinference/bounds/SameAsBound.java
4 - javaparser-core/src/main/java/com/github/javaparser/ast/validator/ProblemReporter.java
4 - javaparser-core/src/main/java/com/github/javaparser/ast/validator/Validators.java
4 - javaparser-core/src/main/java/com/github/javaparser/ast/validator/Validator.java
4 - javaparser-symbol-solver-core/src/main/java/com/github/javaparser/symbolsolver/javassistmodel/package-info.java
4 - javaparser-core/src/main/java/com/github/javaparser/printer/lexicalpreservation/DifferenceElementCalculator.java
4 - javaparser-core/src/main/java/com/github/javaparser/ast/nodeTypes/NodeWithExpression.java
4 - javaparser-core-generators/src/main/java/com/github/javaparser/generator/core/visitor/GenericListVisitorAdapterGenerator.java
4 - javaparser-core/src/main/java/com/github/javaparser/utils/SeparatedItemStringBuilder.java
4 - javaparser-core/src/main/java/com/github/javaparser/version/Java10PostProcessor.java
4 - javaparser-symbol-solver-core/src/main/java/com/github/javaparser/symbolsolver/resolution/typeinference/InferenceVariableSubstitution.java
4 - javaparser-symbol-solver-core/src/main/java/com/github/javaparser/symbolsolver/resolution/typesolvers/AarTypeSolver.java
4 - javaparser-core/src/main/java/com/github/javaparser/printer/XmlPrinter.java
3 - javaparser-symbol-solver-core/src/main/java/com/github/javaparser/symbolsolver/resolution/typeinference/constraintformulas/TypeSameAsType.java
3 - javaparser-symbol-solver-core/src/main/java/com/github/javaparser/symbolsolver/resolution/typeinference/constraintformulas/MethodReferenceThrowsCompatibleWithType.java
3 - javaparser-symbol-solver-core/src/main/java/com/github/javaparser/symbolsolver/resolution/typeinference/constraintformulas/TypeContainedByType.java
3 - javaparser-symbol-solver-core/src/main/java/com/github/javaparser/symbolsolver/resolution/typeinference/constraintformulas/TypeSubtypeOfType.java
3 - javaparser-core/src/main/java/com/github/javaparser/ast/nodeTypes/NodeWithOptionalLabel.java
3 - javaparser-symbol-solver-core/src/main/java/com/github/javaparser/symbolsolver/resolution/typeinference/constraintformulas/TypeCompatibleWithType.java
3 - javaparser-symbol-solver-core/src/main/java/com/github/javaparser/symbolsolver/utils/SymbolSolverCollectionStrategy.java
3 - javaparser-symbol-solver-core/src/main/java/com/github/javaparser/symbolsolver/declarations/common/MethodDeclarationCommonLogic.java
3 - javaparser-symbol-solver-core/src/main/java/com/github/javaparser/symbolsolver/resolution/typeinference/ExpressionHelper.java
3 - javaparser-symbol-solver-core/src/main/java/com/github/javaparser/symbolsolver/resolution/typeinference/BoundSet.java
3 - javaparser-symbol-solver-core/src/main/java/com/github/javaparser/symbolsolver/resolution/typeinference/bounds/ThrowsBound.java
3 - javaparser-symbol-solver-core/src/main/java/com/github/javaparser/symbolsolver/resolution/typeinference/bounds/SubtypeOfBound.java
3 - javaparser-core/src/main/java/com/github/javaparser/resolution/types/ResolvedTypeVariable.java
3 - javaparser-symbol-solver-core/src/main/java/com/github/javaparser/symbolsolver/resolution/typeinference/bounds/CapturesBound.java
3 - javaparser-core/src/main/java/com/github/javaparser/resolution/types/ResolvedWildcard.java
3 - javaparser-core/src/main/java/com/github/javaparser/resolution/types/ResolvedIntersectionType.java
3 - javaparser-core/src/main/java/com/github/javaparser/resolution/types/parametrization/ResolvedTypeParametersMap.java
3 - javaparser-core/src/main/java/com/github/javaparser/resolution/types/ResolvedTypeTransformer.java
3 - javaparser-core/src/main/java/com/github/javaparser/utils/CollectionStrategy.java
3 - javaparser-core/src/main/java/com/github/javaparser/ast/visitor/GenericVisitorWithDefaults.java
3 - javaparser-core/src/main/java/com/github/javaparser/ast/visitor/VoidVisitorWithDefaults.java
3 - javaparser-core/src/main/java/com/github/javaparser/utils/Log.java
3 - javaparser-core/src/main/java/com/github/javaparser/ast/visitor/Visitable.java
3 - javaparser-core/src/main/java/com/github/javaparser/utils/CollectionContext.java
3 - javaparser-core/src/main/java/com/github/javaparser/utils/ParserCollectionStrategy.java
3 - javaparser-core/src/main/java/com/github/javaparser/resolution/declarations/ResolvedFieldDeclaration.java
3 - javaparser-core-generators/src/main/java/com/github/javaparser/generator/core/node/ReplaceMethodGenerator.java
3 - javaparser-symbol-solver-core/src/main/java/com/github/javaparser/symbolsolver/resolution/typeinference/InstantiationSet.java
3 - javaparser-core/src/main/java/com/github/javaparser/resolution/declarations/ResolvedInterfaceDeclaration.java
3 - javaparser-symbol-solver-core/src/main/java/com/github/javaparser/symbolsolver/resolution/typeinference/ProperUpperBound.java
3 - javaparser-symbol-solver-core/src/main/java/com/github/javaparser/symbolsolver/resolution/typeinference/Substitution.java
3 - javaparser-core/src/main/java/com/github/javaparser/utils/StringEscapeUtils.java
3 - javaparser-symbol-solver-core/src/main/java/com/github/javaparser/symbolsolver/javaparsermodel/contexts/ObjectCreationContext.java
3 - javaparser-core/src/main/java/com/github/javaparser/resolution/declarations/HasAccessSpecifier.java
3 - javaparser-core/src/main/java/com/github/javaparser/resolution/declarations/ResolvedAnnotationMemberDeclaration.java
3 - javaparser-core/src/main/java/com/github/javaparser/resolution/declarations/ResolvedParameterDeclaration.java
3 - javaparser-symbol-solver-core/src/main/java/com/github/javaparser/symbolsolver/resolution/typeinference/ProperLowerBound.java
3 - javaparser-core/src/main/java/com/github/javaparser/resolution/declarations/ResolvedClassDeclaration.java
3 - javaparser-core/src/main/java/com/github/javaparser/resolution/declarations/ResolvedConstructorDeclaration.java
3 - javaparser-core/src/main/java/com/github/javaparser/resolution/declarations/ResolvedAnnotationDeclaration.java
3 - javaparser-core/src/main/java/com/github/javaparser/version/Java11PostProcessor.java
3 - javaparser-core/src/main/java/com/github/javaparser/metamodel/InternalProperty.java
3 - javaparser-core/src/main/java/com/github/javaparser/metamodel/ModuleProvidesStmtMetaModel.java
3 - javaparser-core/src/main/java/com/github/javaparser/metamodel/ModuleUsesStmtMetaModel.java
3 - javaparser-symbol-solver-logic/src/main/java/com/github/javaparser/symbolsolver/logic/ConfilictingGenericTypesException.java
3 - javaparser-core/src/main/java/com/github/javaparser/metamodel/NonEmptyProperty.java
3 - javaparser-symbol-solver-core/src/main/java/com/github/javaparser/symbolsolver/javaparsermodel/declarations/JavaParserAnnotationMemberDeclaration.java
3 - javaparser-core-metamodel-generator/src/main/java/com/github/javaparser/generator/metamodel/AstTypeAnalysis.java
3 - javaparser-symbol-solver-core/src/main/java/com/github/javaparser/symbolsolver/resolution/typeinference/Instantiation.java
3 - javaparser-core-serialization/src/main/java/com/github/javaparser/serialization/JavaParserJsonSerializer.java
3 - javaparser-core-serialization/src/main/java/com/github/javaparser/serialization/JavaParserJsonDeserializer.java
3 - javaparser-symbol-solver-core/src/main/java/com/github/javaparser/symbolsolver/resolution/typeinference/constraintformulas/LambdaThrowsCompatibleWithType.java
2 - javaparser-symbol-solver-core/src/main/java/com/github/javaparser/symbolsolver/reflectionmodel/comparators/ParameterComparator.java
2 - javaparser-core/src/main/java/com/github/javaparser/ast/validator/TreeVisitorValidator.java
2 - javaparser-core/src/main/java/com/github/javaparser/ast/validator/SimpleValidator.java
2 - javaparser-core/src/main/java/com/github/javaparser/ast/nodeTypes/NodeWithTokenRange.java
2 - javaparser-core/src/main/java/com/github/javaparser/ast/nodeTypes/NodeWithRange.java
2 - javaparser-core/src/main/java/com/github/javaparser/ast/validator/chunks/NoUnderscoresInIntegerLiteralsValidator.java
2 - javaparser-core/src/main/java/com/github/javaparser/ast/validator/TypedValidator.java
2 - javaparser-core/src/main/java/com/github/javaparser/ast/validator/VisitorValidator.java
2 - javaparser-core/src/main/java/com/github/javaparser/metamodel/ModuleStmtMetaModel.java
2 - javaparser-core/src/main/java/com/github/javaparser/metamodel/ModuleDeclarationMetaModel.java
2 - javaparser-core/src/main/java/com/github/javaparser/metamodel/ModuleExportsStmtMetaModel.java
2 - javaparser-core/src/main/java/com/github/javaparser/metamodel/ModuleOpensStmtMetaModel.java
2 - javaparser-core/src/main/java/com/github/javaparser/metamodel/LiteralStringValueExprMetaModel.java
2 - javaparser-core/src/main/java/com/github/javaparser/metamodel/ModuleRequiresStmtMetaModel.java
2 - javaparser-core/src/main/java/com/github/javaparser/resolution/MethodUsage.java
2 - javaparser-core/src/main/java/com/github/javaparser/resolution/Resolvable.java
2 - javaparser-core/src/main/java/com/github/javaparser/resolution/declarations/ResolvedValueDeclaration.java
2 - javaparser-core/src/main/java/com/github/javaparser/resolution/declarations/ResolvedMethodDeclaration.java
2 - javaparser-core/src/main/java/com/github/javaparser/resolution/declarations/ResolvedTypeParameterDeclaration.java
2 - javaparser-core/src/main/java/com/github/javaparser/resolution/declarations/ResolvedTypeParametrizable.java
2 - javaparser-core/src/main/java/com/github/javaparser/resolution/MethodAmbiguityException.java
2 - javaparser-core/src/main/java/com/github/javaparser/resolution/types/ResolvedLambdaConstraintType.java
2 - javaparser-core/src/main/java/com/github/javaparser/resolution/types/parametrization/ResolvedTypeParametrized.java
2 - javaparser-core/src/main/java/com/github/javaparser/resolution/types/parametrization/ResolvedTypeParameterValueProvider.java
2 - javaparser-core/src/main/java/com/github/javaparser/resolution/types/ResolvedVoidType.java
2 - javaparser-core/src/main/java/com/github/javaparser/resolution/types/ResolvedArrayType.java
2 - javaparser-core/src/main/java/com/github/javaparser/resolution/types/ResolvedType.java
2 - javaparser-symbol-solver-core/src/main/java/com/github/javaparser/symbolsolver/javaparsermodel/contexts/BlockStmtContext.java
2 - javaparser-core/src/main/java/com/github/javaparser/utils/VisitorSet.java
2 - javaparser-core/src/main/java/com/github/javaparser/printer/lexicalpreservation/Kept.java
2 - javaparser-core/src/main/java/com/github/javaparser/printer/lexicalpreservation/Added.java
2 - javaparser-core/src/main/java/com/github/javaparser/printer/lexicalpreservation/DifferenceElement.java
2 - javaparser-core/src/main/java/com/github/javaparser/printer/lexicalpreservation/Reshuffled.java
2 - javaparser-core/src/main/java/com/github/javaparser/printer/lexicalpreservation/Removed.java
2 - javaparser-core/src/main/java/com/github/javaparser/printer/concretesyntaxmodel/CsmOrphanCommentsEnding.java
2 - javaparser-symbol-solver-core/src/main/java/com/github/javaparser/symbolsolver/resolution/typeinference/bounds/FalseBound.java
2 - javaparser-symbol-solver-core/src/main/java/com/github/javaparser/symbolsolver/resolution/typeinference/ConstraintFormulaSet.java
2 - javaparser-symbol-solver-core/src/main/java/com/github/javaparser/symbolsolver/reflectionmodel/ReflectionEnumConstantDeclaration.java
2 - javaparser-symbol-solver-core/src/main/java/com/github/javaparser/symbolsolver/reflectionmodel/comparators/ClassComparator.java
2 - javaparser-symbol-solver-core/src/main/java/com/github/javaparser/symbolsolver/reflectionmodel/comparators/MethodComparator.java
2 - javaparser-core/src/main/java/com/github/javaparser/ast/validator/Java11Validator.java
2 - javaparser-core-generators/src/main/java/com/github/javaparser/generator/core/node/AcceptGenerator.java
2 - javaparser-core-generators/src/main/java/com/github/javaparser/generator/core/visitor/VoidVisitorWithDefaultsGenerator.java
2 - javaparser-core-generators/src/main/java/com/github/javaparser/generator/core/visitor/GenericVisitorWithDefaultsGenerator.java
1 - javaparser-core-generators/src/main/java/com/github/javaparser/generator/core/other/TokenKindGenerator.java
1 - javaparser-core-generators/src/main/java/com/github/javaparser/generator/core/node/FinalGenerator.java
1 - javaparser-core-generators/src/main/java/com/github/javaparser/generator/core/other/GrammarLetterGenerator.java
1 - javaparser-core/src/main/java/com/github/javaparser/ast/AllFieldsConstructor.java
1 - javaparser-core/src/main/java/com/github/javaparser/version/PostProcessors.java
1 - javaparser-core/src/main/java/com/github/javaparser/ast/nodeTypes/modifiers/NodeWithFinalModifier.java
1 - javaparser-core/src/main/java/com/github/javaparser/metamodel/UnparsableStmtMetaModel.java
1 - javaparser-core-generators/src/main/java/com/github/javaparser/generator/core/visitor/NoCommentHashCodeVisitorGenerator.java
1 - javaparser-core-generators/src/main/java/com/github/javaparser/generator/core/visitor/NoCommentEqualsVisitorGenerator.java
1 - javaparser-core/src/main/java/com/github/javaparser/metamodel/ReceiverParameterMetaModel.java
1 - javaparser-core/src/main/java/com/github/javaparser/metamodel/VarTypeMetaModel.java
1 - javaparser-core/src/main/java/com/github/javaparser/ast/validator/ReservedKeywordValidator.java
1 - javaparser-core/src/main/java/com/github/javaparser/ast/nodeTypes/modifiers/NodeWithStaticModifier.java
1 - javaparser-core/src/main/java/com/github/javaparser/ast/validator/chunks/VarValidator.java
1 - javaparser-core/src/main/java/com/github/javaparser/ast/validator/chunks/UnderscoreKeywordValidator.java
1 - javaparser-core/src/main/java/com/github/javaparser/ast/nodeTypes/NodeWithConstructors.java
1 - javaparser-core/src/main/java/com/github/javaparser/ast/validator/chunks/NoBinaryIntegerLiteralsValidator.java
1 - javaparser-core/src/main/java/com/github/javaparser/ast/nodeTypes/NodeWithCondition.java
1 - javaparser-core-generators/src/main/java/com/github/javaparser/generator/core/visitor/ObjectIdentityEqualsVisitorGenerator.java
1 - javaparser-core/src/main/java/com/github/javaparser/ast/nodeTypes/modifiers/NodeWithProtectedModifier.java
1 - javaparser-core/src/main/java/com/github/javaparser/ast/nodeTypes/modifiers/NodeWithAccessModifiers.java
1 - javaparser-core/src/main/java/com/github/javaparser/ast/nodeTypes/modifiers/NodeWithAbstractModifier.java
1 - javaparser-core/src/main/java/com/github/javaparser/ast/nodeTypes/modifiers/NodeWithPrivateModifier.java
1 - javaparser-core/src/main/java/com/github/javaparser/ast/nodeTypes/modifiers/NodeWithStrictfpModifier.java
1 - javaparser-core/src/main/java/com/github/javaparser/ast/nodeTypes/modifiers/NodeWithPublicModifier.java
1 - javaparser-core-generators/src/main/java/com/github/javaparser/generator/core/visitor/ObjectIdentityHashCodeVisitorGenerator.java
1 - javaparser-symbol-solver-core/src/main/java/com/github/javaparser/symbolsolver/resolution/naming/NameRole.java
1 - javaparser-symbol-solver-core/src/main/java/com/github/javaparser/symbolsolver/javaparsermodel/declarations/JavaParserVariableDeclaration.java
1 - javaparser-core/src/main/java/com/github/javaparser/utils/VisitorList.java