=== COMPARE FUNCTION ===

COMMIT: 61f2ef243a13f4105965dad88b647f5c64e41f86
NAME: setConfig
PATH: setConfig___configuration-String
BODY:
{
    if (config != null) {
        throw new BuildException("Attribute 'config' has already been set");
    }
    config = configuration;
}


=== MOST SIMILAR FUNCTION ===

COMMIT: db21f8b13a1e593711727c1cb0192af46409a343
NAME: setConfigLocation
PATH: setConfigLocation___location-String
BODY:
{
    if (configLocation != null) {
        throw new BuildException("Attributes 'config' and 'configURL' " + "must not be set at the same time");
    }
    configLocation = location;
}


=== SIMILARITY ===
BodySimilarity: 0.7922219954080281; ScopeSimilarity: 1.0; NameSimilarity: 0.9261822376009228; LineNumberSimilarity: 0.9644171779141104 --- Overall: 0.6796010582522377