=== COMPARE FUNCTION ===

COMMIT: e810918205ff8e99a5cd692d6a99b899f5337eef
NAME: visitConditional
PATH: visitConditional___ast-DetailAST__basicBranchingFactor-int
BODY:
{
    int expressionValue = basicBranchingFactor;
    DetailAST bracketed;
    for (bracketed = ast.findFirstToken(TokenTypes.LPAREN).getNextSibling(); bracketed.getType() != TokenTypes.RPAREN; bracketed = bracketed.getNextSibling()) {
        expressionValue += countConditionalOperators(bracketed);
    }
    processingTokenEnd.setToken(bracketed);
    pushValue(expressionValue);
}


=== MOST SIMILAR FUNCTION ===

COMMIT: 6e8d1e06728b7defbd734253b3818a33676b62bc
NAME: visitAddingConditional
PATH: visitAddingConditional
BODY:
{
    pushValue();
}


=== SIMILARITY ===
BodySimilarity: 0.5563657407407407; ScopeSimilarity: 1.0; NameSimilarity: 0.881456611570248; LineNumberSimilarity: 0.8755186721991701 --- Overall: 0.6094555880777472